<?xml version="1.0" encoding="UTF-8"?>
<coverage generated="1765141982153" clover="3.2.0">
  <project timestamp="1765141982153" name="All files">
    <metrics statements="550" coveredstatements="408" conditionals="226" coveredconditionals="158" methods="45" coveredmethods="34" elements="821" coveredelements="600" complexity="0" loc="550" ncloc="550" packages="4" files="8" classes="8"/>
    <package name="database">
      <metrics statements="32" coveredstatements="30" conditionals="10" coveredconditionals="5" methods="7" coveredmethods="6"/>
      <file name="connection.js" path="/Users/sbecker11/workspace-react/react-super-app/server/src/database/connection.js">
        <metrics statements="32" coveredstatements="30" conditionals="10" coveredconditionals="5" methods="7" coveredmethods="6"/>
        <line num="1" count="4" type="stmt"/>
        <line num="4" count="4" type="stmt"/>
        <line num="16" count="4" type="stmt"/>
        <line num="17" count="2" type="stmt"/>
        <line num="20" count="4" type="stmt"/>
        <line num="21" count="0" type="stmt"/>
        <line num="22" count="0" type="stmt"/>
        <line num="26" count="4" type="stmt"/>
        <line num="27" count="185" type="stmt"/>
        <line num="28" count="185" type="stmt"/>
        <line num="29" count="185" type="stmt"/>
        <line num="30" count="183" type="stmt"/>
        <line num="31" count="183" type="stmt"/>
        <line num="32" count="183" type="stmt"/>
        <line num="34" count="2" type="stmt"/>
        <line num="35" count="2" type="stmt"/>
        <line num="40" count="4" type="stmt"/>
        <line num="41" count="9" type="stmt"/>
        <line num="42" count="9" type="stmt"/>
        <line num="43" count="9" type="stmt"/>
        <line num="46" count="9" type="stmt"/>
        <line num="47" count="3" type="stmt"/>
        <line num="51" count="9" type="stmt"/>
        <line num="52" count="2" type="stmt"/>
        <line num="53" count="2" type="stmt"/>
        <line num="56" count="9" type="stmt"/>
        <line num="57" count="4" type="stmt"/>
        <line num="58" count="4" type="stmt"/>
        <line num="59" count="4" type="stmt"/>
        <line num="60" count="4" type="stmt"/>
        <line num="63" count="9" type="stmt"/>
        <line num="66" count="4" type="stmt"/>
      </file>
    </package>
    <package name="middleware">
      <metrics statements="73" coveredstatements="72" conditionals="50" coveredconditionals="47" methods="7" coveredmethods="7"/>
      <file name="auth.js" path="/Users/sbecker11/workspace-react/react-super-app/server/src/middleware/auth.js">
        <metrics statements="24" coveredstatements="23" conditionals="12" coveredconditionals="11" methods="1" coveredmethods="1"/>
        <line num="1" count="3" type="stmt"/>
        <line num="2" count="3" type="stmt"/>
        <line num="8" count="3" type="stmt"/>
        <line num="9" count="70" type="stmt"/>
        <line num="11" count="70" type="stmt"/>
        <line num="13" count="70" type="cond" truecount="4" falsecount="0"/>
        <line num="14" count="3" type="stmt"/>
        <line num="17" count="67" type="stmt"/>
        <line num="20" count="67" type="stmt"/>
        <line num="23" count="64" type="stmt"/>
        <line num="28" count="63" type="cond" truecount="2" falsecount="0"/>
        <line num="29" count="3" type="stmt"/>
        <line num="32" count="60" type="stmt"/>
        <line num="35" count="60" type="cond" truecount="1" falsecount="1"/>
        <line num="36" count="0" type="stmt"/>
        <line num="40" count="60" type="stmt"/>
        <line num="41" count="60" type="stmt"/>
        <line num="43" count="4" type="cond" truecount="2" falsecount="0"/>
        <line num="44" count="2" type="stmt"/>
        <line num="46" count="2" type="cond" truecount="2" falsecount="0"/>
        <line num="47" count="1" type="stmt"/>
        <line num="49" count="1" type="stmt"/>
        <line num="50" count="1" type="stmt"/>
        <line num="55" count="3" type="stmt"/>
      </file>
      <file name="rbac.js" path="/Users/sbecker11/workspace-react/react-super-app/server/src/middleware/rbac.js">
        <metrics statements="49" coveredstatements="49" conditionals="38" coveredconditionals="36" methods="6" coveredmethods="6"/>
        <line num="11" count="4" type="stmt"/>
        <line num="12" count="4" type="stmt"/>
        <line num="18" count="4" type="stmt"/>
        <line num="19" count="53" type="cond" truecount="2" falsecount="0"/>
        <line num="20" count="2" type="stmt"/>
        <line num="26" count="51" type="cond" truecount="2" falsecount="0"/>
        <line num="27" count="6" type="stmt"/>
        <line num="33" count="45" type="stmt"/>
        <line num="41" count="4" type="stmt"/>
        <line num="42" count="27" type="stmt"/>
        <line num="44" count="27" type="cond" truecount="2" falsecount="0"/>
        <line num="45" count="5" type="stmt"/>
        <line num="52" count="22" type="stmt"/>
        <line num="54" count="22" type="stmt"/>
        <line num="57" count="19" type="cond" truecount="2" falsecount="0"/>
        <line num="58" count="2" type="stmt"/>
        <line num="66" count="17" type="cond" truecount="2" falsecount="0"/>
        <line num="67" count="2" type="stmt"/>
        <line num="74" count="15" type="stmt"/>
        <line num="79" count="15" type="stmt"/>
        <line num="81" count="3" type="stmt"/>
        <line num="94" count="4" type="stmt"/>
        <line num="95" count="21" type="cond" truecount="2" falsecount="0"/>
        <line num="96" count="2" type="stmt"/>
        <line num="103" count="19" type="cond" truecount="3" falsecount="0"/>
        <line num="105" count="17" type="cond" truecount="2" falsecount="0"/>
        <line num="106" count="1" type="stmt"/>
        <line num="113" count="16" type="cond" truecount="2" falsecount="0"/>
        <line num="114" count="2" type="stmt"/>
        <line num="122" count="14" type="cond" truecount="2" falsecount="0"/>
        <line num="123" count="4" type="stmt"/>
        <line num="129" count="10" type="stmt"/>
        <line num="140" count="4" type="cond" truecount="1" falsecount="1"/>
        <line num="141" count="10" type="stmt"/>
        <line num="142" count="10" type="cond" truecount="4" falsecount="0"/>
        <line num="143" count="10" type="cond" truecount="2" falsecount="0"/>
        <line num="145" count="10" type="stmt"/>
        <line num="152" count="1" type="stmt"/>
        <line num="165" count="4" type="cond" truecount="2" falsecount="1"/>
        <line num="166" count="20" type="stmt"/>
        <line num="167" count="20" type="cond" truecount="4" falsecount="0"/>
        <line num="168" count="19" type="cond" truecount="2" falsecount="0"/>
        <line num="170" count="19" type="stmt"/>
        <line num="177" count="2" type="stmt"/>
        <line num="189" count="4" type="stmt"/>
        <line num="190" count="14" type="stmt"/>
        <line num="192" count="14" type="stmt"/>
        <line num="203" count="14" type="stmt"/>
        <line num="209" count="4" type="stmt"/>
      </file>
    </package>
    <package name="routes">
      <metrics statements="422" coveredstatements="285" conditionals="153" coveredconditionals="96" methods="28" coveredmethods="18"/>
      <file name="admin.js" path="/Users/sbecker11/workspace-react/react-super-app/server/src/routes/admin.js">
        <metrics statements="183" coveredstatements="166" conditionals="77" coveredconditionals="66" methods="12" coveredmethods="11"/>
        <line num="7" count="3" type="stmt"/>
        <line num="8" count="3" type="stmt"/>
        <line num="9" count="3" type="stmt"/>
        <line num="10" count="3" type="stmt"/>
        <line num="16" count="3" type="stmt"/>
        <line num="17" count="3" type="stmt"/>
        <line num="24" count="3" type="stmt"/>
        <line num="25" count="15" type="stmt"/>
        <line num="26" count="15" type="stmt"/>
        <line num="28" count="15" type="cond" truecount="2" falsecount="0"/>
        <line num="29" count="2" type="stmt"/>
        <line num="36" count="13" type="stmt"/>
        <line num="41" count="11" type="cond" truecount="2" falsecount="0"/>
        <line num="42" count="1" type="stmt"/>
        <line num="48" count="10" type="stmt"/>
        <line num="51" count="10" type="stmt"/>
        <line num="53" count="10" type="cond" truecount="2" falsecount="0"/>
        <line num="54" count="2" type="stmt"/>
        <line num="61" count="8" type="stmt"/>
        <line num="63" count="8" type="stmt"/>
        <line num="69" count="2" type="stmt"/>
        <line num="70" count="2" type="stmt"/>
        <line num="82" count="3" type="stmt"/>
        <line num="83" count="0" type="stmt"/>
        <line num="84" count="0" type="stmt"/>
        <line num="85" count="0" type="stmt"/>
        <line num="88" count="0" type="cond" truecount="0" falsecount="2"/>
        <line num="89" count="0" type="stmt"/>
        <line num="96" count="0" type="stmt"/>
        <line num="101" count="0" type="cond" truecount="0" falsecount="2"/>
        <line num="102" count="0" type="stmt"/>
        <line num="108" count="0" type="stmt"/>
        <line num="111" count="0" type="cond" truecount="0" falsecount="2"/>
        <line num="112" count="0" type="stmt"/>
        <line num="119" count="0" type="stmt"/>
        <line num="120" count="0" type="stmt"/>
        <line num="131" count="0" type="stmt"/>
        <line num="142" count="0" type="stmt"/>
        <line num="158" count="0" type="stmt"/>
        <line num="159" count="0" type="stmt"/>
        <line num="171" count="3" type="stmt"/>
        <line num="172" count="14" type="stmt"/>
        <line num="181" count="14" type="stmt"/>
        <line num="185" count="14" type="stmt"/>
        <line num="186" count="14" type="stmt"/>
        <line num="187" count="14" type="stmt"/>
        <line num="189" count="14" type="cond" truecount="2" falsecount="0"/>
        <line num="190" count="1" type="stmt"/>
        <line num="191" count="1" type="stmt"/>
        <line num="194" count="14" type="cond" truecount="2" falsecount="0"/>
        <line num="195" count="1" type="stmt"/>
        <line num="196" count="1" type="stmt"/>
        <line num="199" count="14" type="cond" truecount="2" falsecount="0"/>
        <line num="200" count="1" type="stmt"/>
        <line num="201" count="1" type="stmt"/>
        <line num="202" count="1" type="stmt"/>
        <line num="205" count="14" type="cond" truecount="2" falsecount="0"/>
        <line num="210" count="14" type="stmt"/>
        <line num="211" count="14" type="cond" truecount="2" falsecount="0"/>
        <line num="212" count="14" type="cond" truecount="2" falsecount="0"/>
        <line num="215" count="14" type="stmt"/>
        <line num="216" count="14" type="stmt"/>
        <line num="217" count="14" type="cond" truecount="4" falsecount="0"/>
        <line num="218" count="14" type="cond" truecount="5" falsecount="0"/>
        <line num="221" count="14" type="stmt"/>
        <line num="224" count="14" type="stmt"/>
        <line num="225" count="14" type="stmt"/>
        <line num="226" count="14" type="stmt"/>
        <line num="227" count="14" type="stmt"/>
        <line num="228" count="14" type="stmt"/>
        <line num="229" count="12" type="stmt"/>
        <line num="230" count="12" type="stmt"/>
        <line num="233" count="12" type="stmt"/>
        <line num="240" count="12" type="stmt"/>
        <line num="241" count="12" type="stmt"/>
        <line num="242" count="12" type="stmt"/>
        <line num="243" count="12" type="stmt"/>
        <line num="244" count="12" type="stmt"/>
        <line num="245" count="12" type="stmt"/>
        <line num="249" count="24" type="stmt"/>
        <line num="250" count="12" type="stmt"/>
        <line num="254" count="12" type="cond" truecount="2" falsecount="0"/>
        <line num="255" count="11" type="stmt"/>
        <line num="257" count="11" type="stmt"/>
        <line num="264" count="11" type="stmt"/>
        <line num="265" count="11" type="stmt"/>
        <line num="266" count="11" type="stmt"/>
        <line num="267" count="11" type="stmt"/>
        <line num="268" count="10" type="stmt"/>
        <line num="270" count="1" type="stmt"/>
        <line num="272" count="1" type="stmt"/>
        <line num="277" count="12" type="stmt"/>
        <line num="278" count="12" type="stmt"/>
        <line num="279" count="22" type="stmt"/>
        <line num="286" count="24" type="stmt"/>
        <line num="295" count="12" type="stmt"/>
        <line num="305" count="12" type="stmt"/>
        <line num="307" count="24" type="stmt"/>
        <line num="311" count="12" type="stmt"/>
        <line num="313" count="2" type="stmt"/>
        <line num="314" count="2" type="stmt"/>
        <line num="315" count="2" type="stmt"/>
        <line num="328" count="3" type="stmt"/>
        <line num="329" count="6" type="stmt"/>
        <line num="330" count="6" type="stmt"/>
        <line num="332" count="6" type="stmt"/>
        <line num="341" count="4" type="cond" truecount="2" falsecount="0"/>
        <line num="342" count="2" type="stmt"/>
        <line num="348" count="2" type="stmt"/>
        <line num="352" count="2" type="stmt"/>
        <line num="353" count="2" type="stmt"/>
        <line num="362" count="1" type="stmt"/>
        <line num="363" count="1" type="stmt"/>
        <line num="366" count="2" type="stmt"/>
        <line num="375" count="2" type="stmt"/>
        <line num="384" count="2" type="stmt"/>
        <line num="386" count="2" type="stmt"/>
        <line num="388" count="2" type="stmt"/>
        <line num="389" count="2" type="stmt"/>
        <line num="401" count="3" type="stmt"/>
        <line num="402" count="8" type="stmt"/>
        <line num="403" count="8" type="stmt"/>
        <line num="404" count="8" type="stmt"/>
        <line num="406" count="8" type="cond" truecount="4" falsecount="0"/>
        <line num="407" count="2" type="stmt"/>
        <line num="414" count="6" type="cond" truecount="2" falsecount="0"/>
        <line num="415" count="2" type="stmt"/>
        <line num="422" count="4" type="stmt"/>
        <line num="427" count="4" type="cond" truecount="2" falsecount="0"/>
        <line num="428" count="1" type="stmt"/>
        <line num="434" count="3" type="stmt"/>
        <line num="435" count="3" type="stmt"/>
        <line num="438" count="3" type="stmt"/>
        <line num="446" count="1" type="stmt"/>
        <line num="449" count="1" type="stmt"/>
        <line num="457" count="1" type="stmt"/>
        <line num="462" count="2" type="stmt"/>
        <line num="463" count="2" type="stmt"/>
        <line num="475" count="3" type="stmt"/>
        <line num="476" count="6" type="stmt"/>
        <line num="477" count="6" type="stmt"/>
        <line num="478" count="6" type="stmt"/>
        <line num="480" count="6" type="cond" truecount="4" falsecount="0"/>
        <line num="481" count="2" type="stmt"/>
        <line num="488" count="4" type="stmt"/>
        <line num="493" count="4" type="cond" truecount="2" falsecount="0"/>
        <line num="494" count="1" type="stmt"/>
        <line num="500" count="3" type="stmt"/>
        <line num="503" count="3" type="stmt"/>
        <line num="506" count="3" type="stmt"/>
        <line num="514" count="1" type="stmt"/>
        <line num="522" count="1" type="stmt"/>
        <line num="526" count="2" type="stmt"/>
        <line num="527" count="2" type="stmt"/>
        <line num="539" count="3" type="stmt"/>
        <line num="540" count="9" type="stmt"/>
        <line num="541" count="9" type="stmt"/>
        <line num="542" count="9" type="stmt"/>
        <line num="544" count="9" type="cond" truecount="2" falsecount="0"/>
        <line num="545" count="2" type="stmt"/>
        <line num="552" count="7" type="cond" truecount="2" falsecount="0"/>
        <line num="553" count="2" type="stmt"/>
        <line num="560" count="5" type="stmt"/>
        <line num="565" count="5" type="cond" truecount="2" falsecount="0"/>
        <line num="566" count="1" type="stmt"/>
        <line num="572" count="4" type="stmt"/>
        <line num="573" count="4" type="stmt"/>
        <line num="576" count="4" type="stmt"/>
        <line num="584" count="2" type="stmt"/>
        <line num="587" count="2" type="stmt"/>
        <line num="595" count="2" type="stmt"/>
        <line num="600" count="2" type="stmt"/>
        <line num="601" count="2" type="stmt"/>
        <line num="613" count="3" type="stmt"/>
        <line num="614" count="5" type="stmt"/>
        <line num="615" count="5" type="stmt"/>
        <line num="616" count="5" type="cond" truecount="2" falsecount="0"/>
        <line num="618" count="5" type="stmt"/>
        <line num="632" count="3" type="stmt"/>
        <line num="637" count="3" type="stmt"/>
        <line num="646" count="2" type="stmt"/>
        <line num="647" count="2" type="stmt"/>
        <line num="654" count="3" type="stmt"/>
      </file>
      <file name="auth.js" path="/Users/sbecker11/workspace-react/react-super-app/server/src/routes/auth.js">
        <metrics statements="51" coveredstatements="45" conditionals="16" coveredconditionals="13" methods="2" coveredmethods="2"/>
        <line num="1" count="2" type="stmt"/>
        <line num="2" count="2" type="stmt"/>
        <line num="3" count="2" type="stmt"/>
        <line num="4" count="2" type="stmt"/>
        <line num="5" count="2" type="stmt"/>
        <line num="6" count="2" type="stmt"/>
        <line num="7" count="2" type="stmt"/>
        <line num="9" count="2" type="stmt"/>
        <line num="16" count="2" type="stmt"/>
        <line num="17" count="11" type="stmt"/>
        <line num="19" count="11" type="stmt"/>
        <line num="20" count="11" type="cond" truecount="2" falsecount="0"/>
        <line num="21" count="4" type="stmt"/>
        <line num="24" count="7" type="stmt"/>
        <line num="27" count="7" type="stmt"/>
        <line num="32" count="7" type="cond" truecount="2" falsecount="0"/>
        <line num="33" count="1" type="stmt"/>
        <line num="37" count="6" type="stmt"/>
        <line num="38" count="6" type="stmt"/>
        <line num="41" count="6" type="stmt"/>
        <line num="48" count="6" type="stmt"/>
        <line num="51" count="6" type="stmt"/>
        <line num="54" count="6" type="stmt"/>
        <line num="60" count="6" type="stmt"/>
        <line num="71" count="0" type="stmt"/>
        <line num="72" count="0" type="stmt"/>
        <line num="80" count="2" type="stmt"/>
        <line num="90" count="5" type="stmt"/>
        <line num="92" count="5" type="stmt"/>
        <line num="93" count="5" type="cond" truecount="2" falsecount="0"/>
        <line num="94" count="1" type="stmt"/>
        <line num="97" count="4" type="stmt"/>
        <line num="100" count="4" type="stmt"/>
        <line num="105" count="4" type="cond" truecount="2" falsecount="0"/>
        <line num="107" count="1" type="stmt"/>
        <line num="108" count="1" type="stmt"/>
        <line num="111" count="3" type="stmt"/>
        <line num="114" count="3" type="cond" truecount="1" falsecount="1"/>
        <line num="115" count="0" type="stmt"/>
        <line num="116" count="0" type="stmt"/>
        <line num="120" count="3" type="stmt"/>
        <line num="122" count="3" type="cond" truecount="2" falsecount="0"/>
        <line num="123" count="1" type="stmt"/>
        <line num="124" count="1" type="stmt"/>
        <line num="128" count="2" type="stmt"/>
        <line num="134" count="2" type="stmt"/>
        <line num="137" count="2" type="stmt"/>
        <line num="143" count="2" type="stmt"/>
        <line num="154" count="0" type="stmt"/>
        <line num="155" count="0" type="stmt"/>
        <line num="159" count="2" type="stmt"/>
      </file>
      <file name="coverage.js" path="/Users/sbecker11/workspace-react/react-super-app/server/src/routes/coverage.js">
        <metrics statements="118" coveredstatements="18" conditionals="38" coveredconditionals="1" methods="9" coveredmethods="0"/>
        <line num="1" count="2" type="stmt"/>
        <line num="2" count="2" type="stmt"/>
        <line num="3" count="2" type="stmt"/>
        <line num="4" count="2" type="stmt"/>
        <line num="5" count="2" type="stmt"/>
        <line num="6" count="2" type="stmt"/>
        <line num="7" count="2" type="stmt"/>
        <line num="15" count="2" type="stmt"/>
        <line num="16" count="2" type="stmt"/>
        <line num="17" count="2" type="stmt"/>
        <line num="20" count="2" type="cond" truecount="1" falsecount="1"/>
        <line num="21" count="0" type="stmt"/>
        <line num="28" count="0" type="stmt"/>
        <line num="29" count="0" type="cond" truecount="0" falsecount="2"/>
        <line num="30" count="0" type="stmt"/>
        <line num="33" count="0" type="stmt"/>
        <line num="35" count="0" type="stmt"/>
        <line num="42" count="0" type="stmt"/>
        <line num="43" count="0" type="stmt"/>
        <line num="44" count="0" type="stmt"/>
        <line num="45" count="0" type="stmt"/>
        <line num="46" count="0" type="stmt"/>
        <line num="48" count="0" type="stmt"/>
        <line num="56" count="0" type="stmt"/>
        <line num="62" count="0" type="stmt"/>
        <line num="63" count="0" type="cond" truecount="0" falsecount="2"/>
        <line num="64" count="0" type="cond" truecount="0" falsecount="2"/>
        <line num="65" count="0" type="cond" truecount="0" falsecount="2"/>
        <line num="66" count="0" type="cond" truecount="0" falsecount="2"/>
        <line num="67" count="0" type="cond" truecount="0" falsecount="2"/>
        <line num="70" count="0" type="stmt"/>
        <line num="71" count="0" type="cond" truecount="0" falsecount="2"/>
        <line num="72" count="0" type="cond" truecount="0" falsecount="2"/>
        <line num="73" count="0" type="cond" truecount="0" falsecount="2"/>
        <line num="74" count="0" type="cond" truecount="0" falsecount="2"/>
        <line num="77" count="0" type="stmt"/>
        <line num="81" count="2" type="stmt"/>
        <line num="82" count="0" type="stmt"/>
        <line num="84" count="0" type="stmt"/>
        <line num="85" count="0" type="cond" truecount="0" falsecount="2"/>
        <line num="86" count="0" type="stmt"/>
        <line num="92" count="0" type="stmt"/>
        <line num="93" count="0" type="stmt"/>
        <line num="95" count="0" type="stmt"/>
        <line num="101" count="0" type="stmt"/>
        <line num="102" count="0" type="stmt"/>
        <line num="107" count="2" type="stmt"/>
        <line num="108" count="0" type="stmt"/>
        <line num="110" count="0" type="stmt"/>
        <line num="111" count="0" type="cond" truecount="0" falsecount="2"/>
        <line num="112" count="0" type="stmt"/>
        <line num="118" count="0" type="stmt"/>
        <line num="119" count="0" type="stmt"/>
        <line num="121" count="0" type="stmt"/>
        <line num="127" count="0" type="stmt"/>
        <line num="128" count="0" type="stmt"/>
        <line num="133" count="2" type="stmt"/>
        <line num="134" count="0" type="stmt"/>
        <line num="135" count="0" type="stmt"/>
        <line num="137" count="0" type="stmt"/>
        <line num="142" count="0" type="stmt"/>
        <line num="143" count="0" type="cond" truecount="0" falsecount="2"/>
        <line num="144" count="0" type="stmt"/>
        <line num="145" count="0" type="stmt"/>
        <line num="146" count="0" type="stmt"/>
        <line num="153" count="0" type="cond" truecount="0" falsecount="2"/>
        <line num="154" count="0" type="stmt"/>
        <line num="155" count="0" type="stmt"/>
        <line num="156" count="0" type="stmt"/>
        <line num="163" count="0" type="stmt"/>
        <line num="165" count="0" type="stmt"/>
        <line num="166" count="0" type="stmt"/>
        <line num="171" count="2" type="stmt"/>
        <line num="172" count="0" type="stmt"/>
        <line num="173" count="0" type="stmt"/>
        <line num="174" count="0" type="stmt"/>
        <line num="176" count="0" type="stmt"/>
        <line num="181" count="0" type="stmt"/>
        <line num="182" count="0" type="stmt"/>
        <line num="187" count="2" type="stmt"/>
        <line num="188" count="0" type="stmt"/>
        <line num="190" count="0" type="stmt"/>
        <line num="191" count="0" type="stmt"/>
        <line num="194" count="0" type="stmt"/>
        <line num="199" count="0" type="stmt"/>
        <line num="200" count="0" type="stmt"/>
        <line num="202" count="0" type="stmt"/>
        <line num="203" count="0" type="cond" truecount="0" falsecount="2"/>
        <line num="206" count="0" type="cond" truecount="0" falsecount="2"/>
        <line num="209" count="0" type="stmt"/>
        <line num="215" count="0" type="stmt"/>
        <line num="217" count="0" type="stmt"/>
        <line num="224" count="0" type="stmt"/>
        <line num="225" count="0" type="stmt"/>
        <line num="227" count="0" type="stmt"/>
        <line num="230" count="0" type="stmt"/>
        <line num="236" count="0" type="stmt"/>
        <line num="238" count="0" type="stmt"/>
        <line num="246" count="2" type="stmt"/>
        <line num="247" count="0" type="stmt"/>
        <line num="249" count="0" type="stmt"/>
        <line num="250" count="0" type="stmt"/>
        <line num="253" count="0" type="stmt"/>
        <line num="258" count="0" type="stmt"/>
        <line num="259" count="0" type="stmt"/>
        <line num="261" count="0" type="stmt"/>
        <line num="262" count="0" type="cond" truecount="0" falsecount="2"/>
        <line num="265" count="0" type="cond" truecount="0" falsecount="2"/>
        <line num="268" count="0" type="stmt"/>
        <line num="274" count="0" type="stmt"/>
        <line num="276" count="0" type="stmt"/>
        <line num="283" count="0" type="stmt"/>
        <line num="284" count="0" type="stmt"/>
        <line num="286" count="0" type="stmt"/>
        <line num="289" count="0" type="stmt"/>
        <line num="295" count="0" type="stmt"/>
        <line num="297" count="0" type="stmt"/>
        <line num="304" count="2" type="stmt"/>
      </file>
      <file name="users.js" path="/Users/sbecker11/workspace-react/react-super-app/server/src/routes/users.js">
        <metrics statements="70" coveredstatements="56" conditionals="22" coveredconditionals="16" methods="5" coveredmethods="5"/>
        <line num="1" count="2" type="stmt"/>
        <line num="2" count="2" type="stmt"/>
        <line num="3" count="2" type="stmt"/>
        <line num="4" count="2" type="stmt"/>
        <line num="5" count="2" type="stmt"/>
        <line num="6" count="2" type="stmt"/>
        <line num="8" count="2" type="stmt"/>
        <line num="11" count="2" type="stmt"/>
        <line num="17" count="2" type="stmt"/>
        <line num="18" count="1" type="stmt"/>
        <line num="19" count="1" type="stmt"/>
        <line num="23" count="1" type="stmt"/>
        <line num="25" count="0" type="stmt"/>
        <line num="26" count="0" type="stmt"/>
        <line num="35" count="2" type="stmt"/>
        <line num="37" count="1" type="stmt"/>
        <line num="56" count="2" type="stmt"/>
        <line num="57" count="3" type="stmt"/>
        <line num="58" count="3" type="stmt"/>
        <line num="61" count="3" type="stmt"/>
        <line num="66" count="3" type="cond" truecount="2" falsecount="0"/>
        <line num="67" count="1" type="stmt"/>
        <line num="71" count="2" type="cond" truecount="1" falsecount="1"/>
        <line num="72" count="0" type="stmt"/>
        <line num="79" count="2" type="cond" truecount="1" falsecount="1"/>
        <line num="80" count="0" type="stmt"/>
        <line num="84" count="2" type="cond" truecount="2" falsecount="0"/>
        <line num="85" count="1" type="stmt"/>
        <line num="91" count="1" type="stmt"/>
        <line num="93" count="0" type="stmt"/>
        <line num="94" count="0" type="stmt"/>
        <line num="107" count="2" type="stmt"/>
        <line num="108" count="4" type="stmt"/>
        <line num="110" count="4" type="stmt"/>
        <line num="111" count="4" type="cond" truecount="1" falsecount="1"/>
        <line num="112" count="0" type="stmt"/>
        <line num="115" count="4" type="stmt"/>
        <line num="116" count="4" type="stmt"/>
        <line num="117" count="4" type="stmt"/>
        <line num="118" count="4" type="stmt"/>
        <line num="119" count="4" type="stmt"/>
        <line num="122" count="4" type="cond" truecount="2" falsecount="0"/>
        <line num="123" count="1" type="stmt"/>
        <line num="124" count="1" type="stmt"/>
        <line num="127" count="4" type="cond" truecount="2" falsecount="0"/>
        <line num="129" count="3" type="stmt"/>
        <line num="134" count="3" type="cond" truecount="2" falsecount="0"/>
        <line num="135" count="1" type="stmt"/>
        <line num="138" count="2" type="stmt"/>
        <line num="139" count="2" type="stmt"/>
        <line num="142" count="3" type="cond" truecount="1" falsecount="1"/>
        <line num="143" count="0" type="stmt"/>
        <line num="147" count="3" type="stmt"/>
        <line num="148" count="3" type="stmt"/>
        <line num="150" count="3" type="stmt"/>
        <line num="158" count="3" type="cond" truecount="1" falsecount="1"/>
        <line num="159" count="0" type="stmt"/>
        <line num="162" count="3" type="stmt"/>
        <line num="167" count="0" type="stmt"/>
        <line num="168" count="0" type="stmt"/>
        <line num="178" count="2" type="stmt"/>
        <line num="179" count="1" type="stmt"/>
        <line num="180" count="1" type="stmt"/>
        <line num="182" count="1" type="stmt"/>
        <line num="187" count="1" type="cond" truecount="1" falsecount="1"/>
        <line num="188" count="0" type="stmt"/>
        <line num="191" count="1" type="stmt"/>
        <line num="193" count="0" type="stmt"/>
        <line num="194" count="0" type="stmt"/>
        <line num="198" count="2" type="stmt"/>
      </file>
    </package>
    <package name="validation">
      <metrics statements="23" coveredstatements="21" conditionals="13" coveredconditionals="10" methods="3" coveredmethods="3"/>
      <file name="validationHelpers.js" path="/Users/sbecker11/workspace-react/react-super-app/server/src/validation/validationHelpers.js">
        <metrics statements="23" coveredstatements="21" conditionals="13" coveredconditionals="10" methods="3" coveredmethods="3"/>
        <line num="8" count="2" type="stmt"/>
        <line num="9" count="2" type="stmt"/>
        <line num="18" count="10" type="cond" truecount="2" falsecount="0"/>
        <line num="19" count="10" type="stmt"/>
        <line num="21" count="10" type="cond" truecount="1" falsecount="1"/>
        <line num="22" count="0" type="stmt"/>
        <line num="25" count="10" type="stmt"/>
        <line num="28" count="10" type="cond" truecount="3" falsecount="1"/>
        <line num="30" count="4" type="cond" truecount="2" falsecount="0"/>
        <line num="32" count="2" type="stmt"/>
        <line num="42" count="2" type="stmt"/>
        <line num="51" count="4" type="stmt"/>
        <line num="54" count="4" type="cond" truecount="2" falsecount="0"/>
        <line num="56" count="2" type="stmt"/>
        <line num="66" count="2" type="stmt"/>
        <line num="76" count="4" type="stmt"/>
        <line num="79" count="2" type="stmt"/>
        <line num="92" count="2" type="stmt"/>
        <line num="95" count="0" type="stmt"/>
        <line num="98" count="10" type="stmt"/>
        <line num="105" count="2" type="stmt"/>
        <line num="116" count="2" type="stmt"/>
        <line num="122" count="2" type="stmt"/>
      </file>
    </package>
  </project>
</coverage>
