{"/Users/sbecker11/workspace-react/react-super-app/server/src/database/connection.js": {"path":"/Users/sbecker11/workspace-react/react-super-app/server/src/database/connection.js","statementMap":{"0":{"start":{"line":1,"column":17},"end":{"line":1,"column":30}},"1":{"start":{"line":4,"column":13},"end":{"line":13,"column":2}},"2":{"start":{"line":16,"column":0},"end":{"line":18,"column":3}},"3":{"start":{"line":17,"column":2},"end":{"line":17,"column":52}},"4":{"start":{"line":20,"column":0},"end":{"line":23,"column":3}},"5":{"start":{"line":21,"column":2},"end":{"line":21,"column":58}},"6":{"start":{"line":22,"column":2},"end":{"line":22,"column":19}},"7":{"start":{"line":26,"column":14},"end":{"line":37,"column":1}},"8":{"start":{"line":27,"column":16},"end":{"line":27,"column":26}},"9":{"start":{"line":28,"column":2},"end":{"line":36,"column":3}},"10":{"start":{"line":29,"column":16},"end":{"line":29,"column":46}},"11":{"start":{"line":30,"column":21},"end":{"line":30,"column":39}},"12":{"start":{"line":31,"column":4},"end":{"line":31,"column":74}},"13":{"start":{"line":32,"column":4},"end":{"line":32,"column":15}},"14":{"start":{"line":34,"column":4},"end":{"line":34,"column":50}},"15":{"start":{"line":35,"column":4},"end":{"line":35,"column":16}},"16":{"start":{"line":40,"column":18},"end":{"line":64,"column":1}},"17":{"start":{"line":41,"column":17},"end":{"line":41,"column":37}},"18":{"start":{"line":42,"column":16},"end":{"line":42,"column":41}},"19":{"start":{"line":43,"column":18},"end":{"line":43,"column":45}},"20":{"start":{"line":46,"column":18},"end":{"line":48,"column":10}},"21":{"start":{"line":47,"column":4},"end":{"line":47,"column":76}},"22":{"start":{"line":51,"column":2},"end":{"line":54,"column":4}},"23":{"start":{"line":52,"column":4},"end":{"line":52,"column":28}},"24":{"start":{"line":53,"column":4},"end":{"line":53,"column":26}},"25":{"start":{"line":56,"column":2},"end":{"line":61,"column":4}},"26":{"start":{"line":57,"column":4},"end":{"line":57,"column":26}},"27":{"start":{"line":58,"column":4},"end":{"line":58,"column":25}},"28":{"start":{"line":59,"column":4},"end":{"line":59,"column":29}},"29":{"start":{"line":60,"column":4},"end":{"line":60,"column":21}},"30":{"start":{"line":63,"column":2},"end":{"line":63,"column":16}},"31":{"start":{"line":66,"column":0},"end":{"line":70,"column":2}}},"fnMap":{"0":{"name":"(anonymous_0)","decl":{"start":{"line":16,"column":19},"end":{"line":16,"column":20}},"loc":{"start":{"line":16,"column":25},"end":{"line":18,"column":1}},"line":16},"1":{"name":"(anonymous_1)","decl":{"start":{"line":20,"column":17},"end":{"line":20,"column":18}},"loc":{"start":{"line":20,"column":26},"end":{"line":23,"column":1}},"line":20},"2":{"name":"(anonymous_2)","decl":{"start":{"line":26,"column":14},"end":{"line":26,"column":15}},"loc":{"start":{"line":26,"column":38},"end":{"line":37,"column":1}},"line":26},"3":{"name":"(anonymous_3)","decl":{"start":{"line":40,"column":18},"end":{"line":40,"column":19}},"loc":{"start":{"line":40,"column":30},"end":{"line":64,"column":1}},"line":40},"4":{"name":"(anonymous_4)","decl":{"start":{"line":46,"column":29},"end":{"line":46,"column":30}},"loc":{"start":{"line":46,"column":35},"end":{"line":48,"column":3}},"line":46},"5":{"name":"(anonymous_5)","decl":{"start":{"line":51,"column":17},"end":{"line":51,"column":18}},"loc":{"start":{"line":51,"column":30},"end":{"line":54,"column":3}},"line":51},"6":{"name":"(anonymous_6)","decl":{"start":{"line":56,"column":19},"end":{"line":56,"column":20}},"loc":{"start":{"line":56,"column":25},"end":{"line":61,"column":3}},"line":56}},"branchMap":{"0":{"loc":{"start":{"line":5,"column":8},"end":{"line":5,"column":42}},"type":"binary-expr","locations":[{"start":{"line":5,"column":8},"end":{"line":5,"column":27}},{"start":{"line":5,"column":31},"end":{"line":5,"column":42}}],"line":5},"1":{"loc":{"start":{"line":6,"column":8},"end":{"line":6,"column":35}},"type":"binary-expr","locations":[{"start":{"line":6,"column":8},"end":{"line":6,"column":27}},{"start":{"line":6,"column":31},"end":{"line":6,"column":35}}],"line":6},"2":{"loc":{"start":{"line":7,"column":8},"end":{"line":7,"column":46}},"type":"binary-expr","locations":[{"start":{"line":7,"column":8},"end":{"line":7,"column":27}},{"start":{"line":7,"column":31},"end":{"line":7,"column":46}}],"line":7},"3":{"loc":{"start":{"line":8,"column":12},"end":{"line":8,"column":58}},"type":"binary-expr","locations":[{"start":{"line":8,"column":12},"end":{"line":8,"column":35}},{"start":{"line":8,"column":39},"end":{"line":8,"column":58}}],"line":8},"4":{"loc":{"start":{"line":9,"column":12},"end":{"line":9,"column":52}},"type":"binary-expr","locations":[{"start":{"line":9,"column":12},"end":{"line":9,"column":31}},{"start":{"line":9,"column":35},"end":{"line":9,"column":52}}],"line":9}},"s":{"0":4,"1":4,"2":4,"3":2,"4":4,"5":0,"6":0,"7":4,"8":185,"9":185,"10":185,"11":183,"12":183,"13":183,"14":2,"15":2,"16":4,"17":9,"18":9,"19":9,"20":9,"21":3,"22":9,"23":2,"24":2,"25":9,"26":4,"27":4,"28":4,"29":4,"30":9,"31":4},"f":{"0":2,"1":0,"2":185,"3":9,"4":3,"5":2,"6":4},"b":{"0":[4,0],"1":[4,0],"2":[4,0],"3":[4,0],"4":[4,0]},"_coverageSchema":"1a1c01bbd47fc00a2c39e90264f33305004495a9","hash":"ddb57fb3bc7de7340c137428a780289d56b0b68b"}
,"/Users/sbecker11/workspace-react/react-super-app/server/src/middleware/auth.js": {"path":"/Users/sbecker11/workspace-react/react-super-app/server/src/middleware/auth.js","statementMap":{"0":{"start":{"line":1,"column":12},"end":{"line":1,"column":35}},"1":{"start":{"line":2,"column":18},"end":{"line":2,"column":51}},"2":{"start":{"line":8,"column":21},"end":{"line":52,"column":1}},"3":{"start":{"line":9,"column":2},"end":{"line":51,"column":3}},"4":{"start":{"line":11,"column":23},"end":{"line":11,"column":48}},"5":{"start":{"line":13,"column":4},"end":{"line":15,"column":5}},"6":{"start":{"line":14,"column":6},"end":{"line":14,"column":66}},"7":{"start":{"line":17,"column":18},"end":{"line":17,"column":41}},"8":{"start":{"line":20,"column":20},"end":{"line":20,"column":61}},"9":{"start":{"line":23,"column":19},"end":{"line":26,"column":5}},"10":{"start":{"line":28,"column":4},"end":{"line":30,"column":5}},"11":{"start":{"line":29,"column":6},"end":{"line":29,"column":63}},"12":{"start":{"line":32,"column":17},"end":{"line":32,"column":31}},"13":{"start":{"line":35,"column":4},"end":{"line":37,"column":5}},"14":{"start":{"line":36,"column":6},"end":{"line":36,"column":77}},"15":{"start":{"line":40,"column":4},"end":{"line":40,"column":20}},"16":{"start":{"line":41,"column":4},"end":{"line":41,"column":11}},"17":{"start":{"line":43,"column":4},"end":{"line":45,"column":5}},"18":{"start":{"line":44,"column":6},"end":{"line":44,"column":62}},"19":{"start":{"line":46,"column":4},"end":{"line":48,"column":5}},"20":{"start":{"line":47,"column":6},"end":{"line":47,"column":62}},"21":{"start":{"line":49,"column":4},"end":{"line":49,"column":51}},"22":{"start":{"line":50,"column":4},"end":{"line":50,"column":60}},"23":{"start":{"line":55,"column":0},"end":{"line":58,"column":2}}},"fnMap":{"0":{"name":"(anonymous_0)","decl":{"start":{"line":8,"column":21},"end":{"line":8,"column":22}},"loc":{"start":{"line":8,"column":47},"end":{"line":52,"column":1}},"line":8}},"branchMap":{"0":{"loc":{"start":{"line":13,"column":4},"end":{"line":15,"column":5}},"type":"if","locations":[{"start":{"line":13,"column":4},"end":{"line":15,"column":5}},{"start":{},"end":{}}],"line":13},"1":{"loc":{"start":{"line":13,"column":8},"end":{"line":13,"column":56}},"type":"binary-expr","locations":[{"start":{"line":13,"column":8},"end":{"line":13,"column":19}},{"start":{"line":13,"column":23},"end":{"line":13,"column":56}}],"line":13},"2":{"loc":{"start":{"line":28,"column":4},"end":{"line":30,"column":5}},"type":"if","locations":[{"start":{"line":28,"column":4},"end":{"line":30,"column":5}},{"start":{},"end":{}}],"line":28},"3":{"loc":{"start":{"line":35,"column":4},"end":{"line":37,"column":5}},"type":"if","locations":[{"start":{"line":35,"column":4},"end":{"line":37,"column":5}},{"start":{},"end":{}}],"line":35},"4":{"loc":{"start":{"line":43,"column":4},"end":{"line":45,"column":5}},"type":"if","locations":[{"start":{"line":43,"column":4},"end":{"line":45,"column":5}},{"start":{},"end":{}}],"line":43},"5":{"loc":{"start":{"line":46,"column":4},"end":{"line":48,"column":5}},"type":"if","locations":[{"start":{"line":46,"column":4},"end":{"line":48,"column":5}},{"start":{},"end":{}}],"line":46}},"s":{"0":3,"1":3,"2":3,"3":70,"4":70,"5":70,"6":3,"7":67,"8":67,"9":64,"10":63,"11":3,"12":60,"13":60,"14":0,"15":60,"16":60,"17":4,"18":2,"19":2,"20":1,"21":1,"22":1,"23":3},"f":{"0":70},"b":{"0":[3,67],"1":[70,68],"2":[3,60],"3":[0,60],"4":[2,2],"5":[1,1]},"_coverageSchema":"1a1c01bbd47fc00a2c39e90264f33305004495a9","hash":"451bdd9ffaecd4029352c6e10a20b4cb77827d94"}
,"/Users/sbecker11/workspace-react/react-super-app/server/src/middleware/rbac.js": {"path":"/Users/sbecker11/workspace-react/react-super-app/server/src/middleware/rbac.js","statementMap":{"0":{"start":{"line":11,"column":12},"end":{"line":11,"column":35}},"1":{"start":{"line":12,"column":13},"end":{"line":12,"column":46}},"2":{"start":{"line":18,"column":21},"end":{"line":34,"column":1}},"3":{"start":{"line":19,"column":2},"end":{"line":24,"column":3}},"4":{"start":{"line":20,"column":4},"end":{"line":23,"column":7}},"5":{"start":{"line":26,"column":2},"end":{"line":31,"column":3}},"6":{"start":{"line":27,"column":4},"end":{"line":30,"column":7}},"7":{"start":{"line":33,"column":2},"end":{"line":33,"column":9}},"8":{"start":{"line":41,"column":31},"end":{"line":87,"column":1}},"9":{"start":{"line":42,"column":24},"end":{"line":42,"column":55}},"10":{"start":{"line":44,"column":2},"end":{"line":50,"column":3}},"11":{"start":{"line":45,"column":4},"end":{"line":49,"column":7}},"12":{"start":{"line":52,"column":2},"end":{"line":86,"column":3}},"13":{"start":{"line":54,"column":20},"end":{"line":54,"column":69}},"14":{"start":{"line":57,"column":4},"end":{"line":63,"column":5}},"15":{"start":{"line":58,"column":6},"end":{"line":62,"column":9}},"16":{"start":{"line":66,"column":4},"end":{"line":71,"column":5}},"17":{"start":{"line":67,"column":6},"end":{"line":70,"column":9}},"18":{"start":{"line":74,"column":4},"end":{"line":77,"column":6}},"19":{"start":{"line":79,"column":4},"end":{"line":79,"column":11}},"20":{"start":{"line":81,"column":4},"end":{"line":85,"column":7}},"21":{"start":{"line":94,"column":32},"end":{"line":130,"column":1}},"22":{"start":{"line":95,"column":2},"end":{"line":100,"column":3}},"23":{"start":{"line":96,"column":4},"end":{"line":99,"column":7}},"24":{"start":{"line":103,"column":23},"end":{"line":103,"column":76}},"25":{"start":{"line":105,"column":2},"end":{"line":110,"column":3}},"26":{"start":{"line":106,"column":4},"end":{"line":109,"column":7}},"27":{"start":{"line":113,"column":2},"end":{"line":115,"column":3}},"28":{"start":{"line":114,"column":4},"end":{"line":114,"column":18}},"29":{"start":{"line":122,"column":2},"end":{"line":127,"column":3}},"30":{"start":{"line":123,"column":4},"end":{"line":126,"column":7}},"31":{"start":{"line":129,"column":2},"end":{"line":129,"column":9}},"32":{"start":{"line":140,"column":23},"end":{"line":155,"column":1}},"33":{"start":{"line":141,"column":2},"end":{"line":154,"column":3}},"34":{"start":{"line":142,"column":22},"end":{"line":142,"column":75}},"35":{"start":{"line":143,"column":22},"end":{"line":143,"column":56}},"36":{"start":{"line":145,"column":4},"end":{"line":150,"column":6}},"37":{"start":{"line":152,"column":4},"end":{"line":152,"column":56}},"38":{"start":{"line":165,"column":21},"end":{"line":180,"column":1}},"39":{"start":{"line":166,"column":2},"end":{"line":179,"column":3}},"40":{"start":{"line":167,"column":22},"end":{"line":167,"column":75}},"41":{"start":{"line":168,"column":22},"end":{"line":168,"column":56}},"42":{"start":{"line":170,"column":4},"end":{"line":175,"column":6}},"43":{"start":{"line":177,"column":4},"end":{"line":177,"column":54}},"44":{"start":{"line":189,"column":30},"end":{"line":207,"column":1}},"45":{"start":{"line":190,"column":20},"end":{"line":190,"column":49}},"46":{"start":{"line":192,"column":16},"end":{"line":201,"column":3}},"47":{"start":{"line":203,"column":2},"end":{"line":206,"column":4}},"48":{"start":{"line":209,"column":0},"end":{"line":216,"column":2}}},"fnMap":{"0":{"name":"(anonymous_0)","decl":{"start":{"line":18,"column":21},"end":{"line":18,"column":22}},"loc":{"start":{"line":18,"column":41},"end":{"line":34,"column":1}},"line":18},"1":{"name":"(anonymous_1)","decl":{"start":{"line":41,"column":31},"end":{"line":41,"column":32}},"loc":{"start":{"line":41,"column":51},"end":{"line":87,"column":1}},"line":41},"2":{"name":"(anonymous_2)","decl":{"start":{"line":94,"column":32},"end":{"line":94,"column":33}},"loc":{"start":{"line":94,"column":52},"end":{"line":130,"column":1}},"line":94},"3":{"name":"(anonymous_3)","decl":{"start":{"line":140,"column":23},"end":{"line":140,"column":24}},"loc":{"start":{"line":140,"column":95},"end":{"line":155,"column":1}},"line":140},"4":{"name":"(anonymous_4)","decl":{"start":{"line":165,"column":21},"end":{"line":165,"column":22}},"loc":{"start":{"line":165,"column":97},"end":{"line":180,"column":1}},"line":165},"5":{"name":"(anonymous_5)","decl":{"start":{"line":189,"column":30},"end":{"line":189,"column":31}},"loc":{"start":{"line":189,"column":48},"end":{"line":207,"column":1}},"line":189}},"branchMap":{"0":{"loc":{"start":{"line":19,"column":2},"end":{"line":24,"column":3}},"type":"if","locations":[{"start":{"line":19,"column":2},"end":{"line":24,"column":3}},{"start":{},"end":{}}],"line":19},"1":{"loc":{"start":{"line":26,"column":2},"end":{"line":31,"column":3}},"type":"if","locations":[{"start":{"line":26,"column":2},"end":{"line":31,"column":3}},{"start":{},"end":{}}],"line":26},"2":{"loc":{"start":{"line":44,"column":2},"end":{"line":50,"column":3}},"type":"if","locations":[{"start":{"line":44,"column":2},"end":{"line":50,"column":3}},{"start":{},"end":{}}],"line":44},"3":{"loc":{"start":{"line":57,"column":4},"end":{"line":63,"column":5}},"type":"if","locations":[{"start":{"line":57,"column":4},"end":{"line":63,"column":5}},{"start":{},"end":{}}],"line":57},"4":{"loc":{"start":{"line":66,"column":4},"end":{"line":71,"column":5}},"type":"if","locations":[{"start":{"line":66,"column":4},"end":{"line":71,"column":5}},{"start":{},"end":{}}],"line":66},"5":{"loc":{"start":{"line":95,"column":2},"end":{"line":100,"column":3}},"type":"if","locations":[{"start":{"line":95,"column":2},"end":{"line":100,"column":3}},{"start":{},"end":{}}],"line":95},"6":{"loc":{"start":{"line":103,"column":23},"end":{"line":103,"column":76}},"type":"binary-expr","locations":[{"start":{"line":103,"column":23},"end":{"line":103,"column":40}},{"start":{"line":103,"column":44},"end":{"line":103,"column":57}},{"start":{"line":103,"column":61},"end":{"line":103,"column":76}}],"line":103},"7":{"loc":{"start":{"line":105,"column":2},"end":{"line":110,"column":3}},"type":"if","locations":[{"start":{"line":105,"column":2},"end":{"line":110,"column":3}},{"start":{},"end":{}}],"line":105},"8":{"loc":{"start":{"line":113,"column":2},"end":{"line":115,"column":3}},"type":"if","locations":[{"start":{"line":113,"column":2},"end":{"line":115,"column":3}},{"start":{},"end":{}}],"line":113},"9":{"loc":{"start":{"line":122,"column":2},"end":{"line":127,"column":3}},"type":"if","locations":[{"start":{"line":122,"column":2},"end":{"line":127,"column":3}},{"start":{},"end":{}}],"line":122},"10":{"loc":{"start":{"line":140,"column":65},"end":{"line":140,"column":78}},"type":"default-arg","locations":[{"start":{"line":140,"column":76},"end":{"line":140,"column":78}}],"line":140},"11":{"loc":{"start":{"line":140,"column":80},"end":{"line":140,"column":90}},"type":"default-arg","locations":[{"start":{"line":140,"column":86},"end":{"line":140,"column":90}}],"line":140},"12":{"loc":{"start":{"line":142,"column":22},"end":{"line":142,"column":75}},"type":"cond-expr","locations":[{"start":{"line":142,"column":29},"end":{"line":142,"column":67}},{"start":{"line":142,"column":71},"end":{"line":142,"column":75}}],"line":142},"13":{"loc":{"start":{"line":142,"column":29},"end":{"line":142,"column":67}},"type":"binary-expr","locations":[{"start":{"line":142,"column":29},"end":{"line":142,"column":35}},{"start":{"line":142,"column":39},"end":{"line":142,"column":67}}],"line":142},"14":{"loc":{"start":{"line":143,"column":22},"end":{"line":143,"column":56}},"type":"cond-expr","locations":[{"start":{"line":143,"column":28},"end":{"line":143,"column":49}},{"start":{"line":143,"column":52},"end":{"line":143,"column":56}}],"line":143},"15":{"loc":{"start":{"line":165,"column":44},"end":{"line":165,"column":58}},"type":"default-arg","locations":[{"start":{"line":165,"column":54},"end":{"line":165,"column":58}}],"line":165},"16":{"loc":{"start":{"line":165,"column":60},"end":{"line":165,"column":80}},"type":"default-arg","locations":[{"start":{"line":165,"column":76},"end":{"line":165,"column":80}}],"line":165},"17":{"loc":{"start":{"line":165,"column":82},"end":{"line":165,"column":92}},"type":"default-arg","locations":[{"start":{"line":165,"column":88},"end":{"line":165,"column":92}}],"line":165},"18":{"loc":{"start":{"line":167,"column":22},"end":{"line":167,"column":75}},"type":"cond-expr","locations":[{"start":{"line":167,"column":29},"end":{"line":167,"column":67}},{"start":{"line":167,"column":71},"end":{"line":167,"column":75}}],"line":167},"19":{"loc":{"start":{"line":167,"column":29},"end":{"line":167,"column":67}},"type":"binary-expr","locations":[{"start":{"line":167,"column":29},"end":{"line":167,"column":35}},{"start":{"line":167,"column":39},"end":{"line":167,"column":67}}],"line":167},"20":{"loc":{"start":{"line":168,"column":22},"end":{"line":168,"column":56}},"type":"cond-expr","locations":[{"start":{"line":168,"column":28},"end":{"line":168,"column":49}},{"start":{"line":168,"column":52},"end":{"line":168,"column":56}}],"line":168}},"s":{"0":4,"1":4,"2":4,"3":53,"4":2,"5":51,"6":6,"7":45,"8":4,"9":27,"10":27,"11":5,"12":22,"13":22,"14":19,"15":2,"16":17,"17":2,"18":15,"19":15,"20":3,"21":4,"22":21,"23":2,"24":19,"25":17,"26":1,"27":16,"28":2,"29":14,"30":4,"31":10,"32":4,"33":10,"34":10,"35":10,"36":10,"37":1,"38":4,"39":20,"40":20,"41":19,"42":19,"43":2,"44":4,"45":14,"46":14,"47":14,"48":4},"f":{"0":53,"1":27,"2":21,"3":10,"4":20,"5":14},"b":{"0":[2,51],"1":[6,45],"2":[5,22],"3":[2,17],"4":[2,15],"5":[2,19],"6":[19,15,2],"7":[1,16],"8":[2,14],"9":[4,10],"10":[0],"11":[1],"12":[9,1],"13":[9,1],"14":[9,1],"15":[0],"16":[1],"17":[1],"18":[19,1],"19":[19,1],"20":[18,1]},"_coverageSchema":"1a1c01bbd47fc00a2c39e90264f33305004495a9","hash":"424e2103d2d3a733cff095dee6249ba6a636ed7e"}
,"/Users/sbecker11/workspace-react/react-super-app/server/src/routes/admin.js": {"path":"/Users/sbecker11/workspace-react/react-super-app/server/src/routes/admin.js","statementMap":{"0":{"start":{"line":7,"column":16},"end":{"line":7,"column":34}},"1":{"start":{"line":8,"column":15},"end":{"line":8,"column":31}},"2":{"start":{"line":9,"column":15},"end":{"line":9,"column":34}},"3":{"start":{"line":10,"column":13},"end":{"line":10,"column":46}},"4":{"start":{"line":16,"column":4},"end":{"line":16,"column":33}},"5":{"start":{"line":17,"column":30},"end":{"line":17,"column":59}},"6":{"start":{"line":24,"column":0},"end":{"line":75,"column":3}},"7":{"start":{"line":25,"column":2},"end":{"line":74,"column":3}},"8":{"start":{"line":26,"column":25},"end":{"line":26,"column":33}},"9":{"start":{"line":28,"column":4},"end":{"line":33,"column":5}},"10":{"start":{"line":29,"column":6},"end":{"line":32,"column":9}},"11":{"start":{"line":36,"column":19},"end":{"line":39,"column":5}},"12":{"start":{"line":41,"column":4},"end":{"line":46,"column":5}},"13":{"start":{"line":42,"column":6},"end":{"line":45,"column":9}},"14":{"start":{"line":48,"column":17},"end":{"line":48,"column":31}},"15":{"start":{"line":51,"column":20},"end":{"line":51,"column":70}},"16":{"start":{"line":53,"column":4},"end":{"line":58,"column":5}},"17":{"start":{"line":54,"column":6},"end":{"line":57,"column":9}},"18":{"start":{"line":61,"column":33},"end":{"line":61,"column":82}},"19":{"start":{"line":63,"column":4},"end":{"line":67,"column":7}},"20":{"start":{"line":69,"column":4},"end":{"line":69,"column":60}},"21":{"start":{"line":70,"column":4},"end":{"line":73,"column":7}},"22":{"start":{"line":82,"column":0},"end":{"line":164,"column":3}},"23":{"start":{"line":83,"column":2},"end":{"line":163,"column":3}},"24":{"start":{"line":84,"column":23},"end":{"line":84,"column":33}},"25":{"start":{"line":85,"column":20},"end":{"line":85,"column":31}},"26":{"start":{"line":88,"column":4},"end":{"line":93,"column":5}},"27":{"start":{"line":89,"column":6},"end":{"line":92,"column":9}},"28":{"start":{"line":96,"column":23},"end":{"line":99,"column":5}},"29":{"start":{"line":101,"column":4},"end":{"line":106,"column":5}},"30":{"start":{"line":102,"column":6},"end":{"line":105,"column":9}},"31":{"start":{"line":108,"column":23},"end":{"line":108,"column":41}},"32":{"start":{"line":111,"column":4},"end":{"line":116,"column":5}},"33":{"start":{"line":112,"column":6},"end":{"line":115,"column":9}},"34":{"start":{"line":119,"column":16},"end":{"line":119,"column":39}},"35":{"start":{"line":120,"column":18},"end":{"line":128,"column":5}},"36":{"start":{"line":131,"column":4},"end":{"line":140,"column":6}},"37":{"start":{"line":142,"column":4},"end":{"line":156,"column":7}},"38":{"start":{"line":158,"column":4},"end":{"line":158,"column":54}},"39":{"start":{"line":159,"column":4},"end":{"line":162,"column":7}},"40":{"start":{"line":171,"column":0},"end":{"line":321,"column":3}},"41":{"start":{"line":172,"column":2},"end":{"line":320,"column":3}},"42":{"start":{"line":181,"column":8},"end":{"line":181,"column":17}},"43":{"start":{"line":185,"column":23},"end":{"line":185,"column":25}},"44":{"start":{"line":186,"column":19},"end":{"line":186,"column":21}},"45":{"start":{"line":187,"column":21},"end":{"line":187,"column":22}},"46":{"start":{"line":189,"column":4},"end":{"line":192,"column":5}},"47":{"start":{"line":190,"column":6},"end":{"line":190,"column":49}},"48":{"start":{"line":191,"column":6},"end":{"line":191,"column":24}},"49":{"start":{"line":194,"column":4},"end":{"line":197,"column":5}},"50":{"start":{"line":195,"column":6},"end":{"line":195,"column":54}},"51":{"start":{"line":196,"column":6},"end":{"line":196,"column":40}},"52":{"start":{"line":199,"column":4},"end":{"line":203,"column":5}},"53":{"start":{"line":200,"column":6},"end":{"line":200,"column":83}},"54":{"start":{"line":201,"column":6},"end":{"line":201,"column":33}},"55":{"start":{"line":202,"column":6},"end":{"line":202,"column":19}},"56":{"start":{"line":205,"column":24},"end":{"line":207,"column":10}},"57":{"start":{"line":210,"column":29},"end":{"line":210,"column":98}},"58":{"start":{"line":211,"column":23},"end":{"line":211,"column":82}},"59":{"start":{"line":212,"column":26},"end":{"line":212,"column":77}},"60":{"start":{"line":215,"column":23},"end":{"line":215,"column":37}},"61":{"start":{"line":216,"column":24},"end":{"line":216,"column":39}},"62":{"start":{"line":217,"column":22},"end":{"line":217,"column":75}},"63":{"start":{"line":218,"column":23},"end":{"line":218,"column":102}},"64":{"start":{"line":221,"column":19},"end":{"line":221,"column":47}},"65":{"start":{"line":224,"column":23},"end":{"line":224,"column":66}},"66":{"start":{"line":225,"column":24},"end":{"line":225,"column":30}},"67":{"start":{"line":226,"column":4},"end":{"line":226,"column":61}},"68":{"start":{"line":227,"column":4},"end":{"line":227,"column":63}},"69":{"start":{"line":228,"column":24},"end":{"line":228,"column":65}},"70":{"start":{"line":229,"column":23},"end":{"line":229,"column":58}},"71":{"start":{"line":230,"column":4},"end":{"line":230,"column":68}},"72":{"start":{"line":233,"column":23},"end":{"line":239,"column":52}},"73":{"start":{"line":240,"column":24},"end":{"line":240,"column":55}},"74":{"start":{"line":241,"column":4},"end":{"line":241,"column":61}},"75":{"start":{"line":242,"column":4},"end":{"line":242,"column":63}},"76":{"start":{"line":243,"column":24},"end":{"line":243,"column":65}},"77":{"start":{"line":244,"column":4},"end":{"line":244,"column":81}},"78":{"start":{"line":245,"column":4},"end":{"line":245,"column":93}},"79":{"start":{"line":249,"column":20},"end":{"line":249,"column":51}},"80":{"start":{"line":249,"column":46},"end":{"line":249,"column":50}},"81":{"start":{"line":250,"column":22},"end":{"line":250,"column":34}},"82":{"start":{"line":254,"column":4},"end":{"line":274,"column":5}},"83":{"start":{"line":255,"column":6},"end":{"line":273,"column":7}},"84":{"start":{"line":257,"column":27},"end":{"line":263,"column":23}},"85":{"start":{"line":264,"column":28},"end":{"line":264,"column":37}},"86":{"start":{"line":265,"column":8},"end":{"line":265,"column":65}},"87":{"start":{"line":266,"column":8},"end":{"line":266,"column":73}},"88":{"start":{"line":267,"column":8},"end":{"line":267,"column":64}},"89":{"start":{"line":268,"column":8},"end":{"line":268,"column":97}},"90":{"start":{"line":270,"column":8},"end":{"line":270,"column":104}},"91":{"start":{"line":272,"column":8},"end":{"line":272,"column":35}},"92":{"start":{"line":277,"column":21},"end":{"line":277,"column":23}},"93":{"start":{"line":278,"column":4},"end":{"line":284,"column":7}},"94":{"start":{"line":279,"column":6},"end":{"line":283,"column":8}},"95":{"start":{"line":286,"column":18},"end":{"line":293,"column":7}},"96":{"start":{"line":286,"column":48},"end":{"line":293,"column":5}},"97":{"start":{"line":295,"column":21},"end":{"line":303,"column":5}},"98":{"start":{"line":305,"column":4},"end":{"line":309,"column":17}},"99":{"start":{"line":307,"column":29},"end":{"line":307,"column":85}},"100":{"start":{"line":311,"column":4},"end":{"line":311,"column":23}},"101":{"start":{"line":313,"column":4},"end":{"line":313,"column":49}},"102":{"start":{"line":314,"column":4},"end":{"line":314,"column":47}},"103":{"start":{"line":315,"column":4},"end":{"line":319,"column":7}},"104":{"start":{"line":328,"column":0},"end":{"line":394,"column":3}},"105":{"start":{"line":329,"column":2},"end":{"line":393,"column":3}},"106":{"start":{"line":330,"column":19},"end":{"line":330,"column":29}},"107":{"start":{"line":332,"column":19},"end":{"line":339,"column":5}},"108":{"start":{"line":341,"column":4},"end":{"line":346,"column":5}},"109":{"start":{"line":342,"column":6},"end":{"line":345,"column":9}},"110":{"start":{"line":348,"column":17},"end":{"line":348,"column":31}},"111":{"start":{"line":352,"column":4},"end":{"line":364,"column":5}},"112":{"start":{"line":353,"column":6},"end":{"line":360,"column":8}},"113":{"start":{"line":362,"column":6},"end":{"line":362,"column":102}},"114":{"start":{"line":363,"column":6},"end":{"line":363,"column":62}},"115":{"start":{"line":366,"column":4},"end":{"line":372,"column":6}},"116":{"start":{"line":375,"column":27},"end":{"line":382,"column":5}},"117":{"start":{"line":384,"column":4},"end":{"line":384,"column":46}},"118":{"start":{"line":386,"column":4},"end":{"line":386,"column":19}},"119":{"start":{"line":388,"column":4},"end":{"line":388,"column":48}},"120":{"start":{"line":389,"column":4},"end":{"line":392,"column":7}},"121":{"start":{"line":401,"column":0},"end":{"line":468,"column":3}},"122":{"start":{"line":402,"column":2},"end":{"line":467,"column":3}},"123":{"start":{"line":403,"column":19},"end":{"line":403,"column":29}},"124":{"start":{"line":404,"column":21},"end":{"line":404,"column":29}},"125":{"start":{"line":406,"column":4},"end":{"line":411,"column":5}},"126":{"start":{"line":407,"column":6},"end":{"line":410,"column":9}},"127":{"start":{"line":414,"column":4},"end":{"line":419,"column":5}},"128":{"start":{"line":415,"column":6},"end":{"line":418,"column":9}},"129":{"start":{"line":422,"column":26},"end":{"line":425,"column":5}},"130":{"start":{"line":427,"column":4},"end":{"line":432,"column":5}},"131":{"start":{"line":428,"column":6},"end":{"line":431,"column":9}},"132":{"start":{"line":434,"column":24},"end":{"line":434,"column":45}},"133":{"start":{"line":435,"column":20},"end":{"line":435,"column":36}},"134":{"start":{"line":438,"column":19},"end":{"line":444,"column":5}},"135":{"start":{"line":446,"column":24},"end":{"line":446,"column":38}},"136":{"start":{"line":449,"column":4},"end":{"line":455,"column":6}},"137":{"start":{"line":457,"column":4},"end":{"line":460,"column":7}},"138":{"start":{"line":462,"column":4},"end":{"line":462,"column":54}},"139":{"start":{"line":463,"column":4},"end":{"line":466,"column":7}},"140":{"start":{"line":475,"column":0},"end":{"line":532,"column":3}},"141":{"start":{"line":476,"column":2},"end":{"line":531,"column":3}},"142":{"start":{"line":477,"column":19},"end":{"line":477,"column":29}},"143":{"start":{"line":478,"column":28},"end":{"line":478,"column":36}},"144":{"start":{"line":480,"column":4},"end":{"line":485,"column":5}},"145":{"start":{"line":481,"column":6},"end":{"line":484,"column":9}},"146":{"start":{"line":488,"column":23},"end":{"line":491,"column":5}},"147":{"start":{"line":493,"column":4},"end":{"line":498,"column":5}},"148":{"start":{"line":494,"column":6},"end":{"line":497,"column":9}},"149":{"start":{"line":500,"column":22},"end":{"line":500,"column":46}},"150":{"start":{"line":503,"column":25},"end":{"line":503,"column":59}},"151":{"start":{"line":506,"column":4},"end":{"line":511,"column":6}},"152":{"start":{"line":514,"column":4},"end":{"line":520,"column":6}},"153":{"start":{"line":522,"column":4},"end":{"line":524,"column":7}},"154":{"start":{"line":526,"column":4},"end":{"line":526,"column":59}},"155":{"start":{"line":527,"column":4},"end":{"line":530,"column":7}},"156":{"start":{"line":539,"column":0},"end":{"line":606,"column":3}},"157":{"start":{"line":540,"column":2},"end":{"line":605,"column":3}},"158":{"start":{"line":541,"column":19},"end":{"line":541,"column":29}},"159":{"start":{"line":542,"column":26},"end":{"line":542,"column":34}},"160":{"start":{"line":544,"column":4},"end":{"line":549,"column":5}},"161":{"start":{"line":545,"column":6},"end":{"line":548,"column":9}},"162":{"start":{"line":552,"column":4},"end":{"line":557,"column":5}},"163":{"start":{"line":553,"column":6},"end":{"line":556,"column":9}},"164":{"start":{"line":560,"column":23},"end":{"line":563,"column":5}},"165":{"start":{"line":565,"column":4},"end":{"line":570,"column":5}},"166":{"start":{"line":566,"column":6},"end":{"line":569,"column":9}},"167":{"start":{"line":572,"column":17},"end":{"line":572,"column":35}},"168":{"start":{"line":573,"column":22},"end":{"line":573,"column":36}},"169":{"start":{"line":576,"column":19},"end":{"line":582,"column":5}},"170":{"start":{"line":584,"column":24},"end":{"line":584,"column":38}},"171":{"start":{"line":587,"column":4},"end":{"line":593,"column":6}},"172":{"start":{"line":595,"column":4},"end":{"line":598,"column":7}},"173":{"start":{"line":600,"column":4},"end":{"line":600,"column":56}},"174":{"start":{"line":601,"column":4},"end":{"line":604,"column":7}},"175":{"start":{"line":613,"column":0},"end":{"line":652,"column":3}},"176":{"start":{"line":614,"column":2},"end":{"line":651,"column":3}},"177":{"start":{"line":615,"column":19},"end":{"line":615,"column":29}},"178":{"start":{"line":616,"column":39},"end":{"line":616,"column":48}},"179":{"start":{"line":618,"column":19},"end":{"line":629,"column":5}},"180":{"start":{"line":632,"column":24},"end":{"line":635,"column":5}},"181":{"start":{"line":637,"column":4},"end":{"line":644,"column":7}},"182":{"start":{"line":646,"column":4},"end":{"line":646,"column":57}},"183":{"start":{"line":647,"column":4},"end":{"line":650,"column":7}},"184":{"start":{"line":654,"column":0},"end":{"line":654,"column":24}}},"fnMap":{"0":{"name":"(anonymous_0)","decl":{"start":{"line":24,"column":65},"end":{"line":24,"column":66}},"loc":{"start":{"line":24,"column":85},"end":{"line":75,"column":1}},"line":24},"1":{"name":"(anonymous_1)","decl":{"start":{"line":82,"column":93},"end":{"line":82,"column":94}},"loc":{"start":{"line":82,"column":113},"end":{"line":164,"column":1}},"line":82},"2":{"name":"(anonymous_2)","decl":{"start":{"line":171,"column":54},"end":{"line":171,"column":55}},"loc":{"start":{"line":171,"column":74},"end":{"line":321,"column":1}},"line":171},"3":{"name":"(anonymous_3)","decl":{"start":{"line":249,"column":41},"end":{"line":249,"column":42}},"loc":{"start":{"line":249,"column":46},"end":{"line":249,"column":50}},"line":249},"4":{"name":"(anonymous_4)","decl":{"start":{"line":278,"column":29},"end":{"line":278,"column":30}},"loc":{"start":{"line":278,"column":37},"end":{"line":284,"column":5}},"line":278},"5":{"name":"(anonymous_5)","decl":{"start":{"line":286,"column":39},"end":{"line":286,"column":40}},"loc":{"start":{"line":286,"column":48},"end":{"line":293,"column":5}},"line":286},"6":{"name":"(anonymous_6)","decl":{"start":{"line":307,"column":23},"end":{"line":307,"column":24}},"loc":{"start":{"line":307,"column":29},"end":{"line":307,"column":85}},"line":307},"7":{"name":"(anonymous_7)","decl":{"start":{"line":328,"column":58},"end":{"line":328,"column":59}},"loc":{"start":{"line":328,"column":78},"end":{"line":394,"column":1}},"line":328},"8":{"name":"(anonymous_8)","decl":{"start":{"line":401,"column":87},"end":{"line":401,"column":88}},"loc":{"start":{"line":401,"column":107},"end":{"line":468,"column":1}},"line":401},"9":{"name":"(anonymous_9)","decl":{"start":{"line":475,"column":91},"end":{"line":475,"column":92}},"loc":{"start":{"line":475,"column":111},"end":{"line":532,"column":1}},"line":475},"10":{"name":"(anonymous_10)","decl":{"start":{"line":539,"column":89},"end":{"line":539,"column":90}},"loc":{"start":{"line":539,"column":109},"end":{"line":606,"column":1}},"line":539},"11":{"name":"(anonymous_11)","decl":{"start":{"line":613,"column":67},"end":{"line":613,"column":68}},"loc":{"start":{"line":613,"column":87},"end":{"line":652,"column":1}},"line":613}},"branchMap":{"0":{"loc":{"start":{"line":28,"column":4},"end":{"line":33,"column":5}},"type":"if","locations":[{"start":{"line":28,"column":4},"end":{"line":33,"column":5}},{"start":{},"end":{}}],"line":28},"1":{"loc":{"start":{"line":41,"column":4},"end":{"line":46,"column":5}},"type":"if","locations":[{"start":{"line":41,"column":4},"end":{"line":46,"column":5}},{"start":{},"end":{}}],"line":41},"2":{"loc":{"start":{"line":53,"column":4},"end":{"line":58,"column":5}},"type":"if","locations":[{"start":{"line":53,"column":4},"end":{"line":58,"column":5}},{"start":{},"end":{}}],"line":53},"3":{"loc":{"start":{"line":88,"column":4},"end":{"line":93,"column":5}},"type":"if","locations":[{"start":{"line":88,"column":4},"end":{"line":93,"column":5}},{"start":{},"end":{}}],"line":88},"4":{"loc":{"start":{"line":101,"column":4},"end":{"line":106,"column":5}},"type":"if","locations":[{"start":{"line":101,"column":4},"end":{"line":106,"column":5}},{"start":{},"end":{}}],"line":101},"5":{"loc":{"start":{"line":111,"column":4},"end":{"line":116,"column":5}},"type":"if","locations":[{"start":{"line":111,"column":4},"end":{"line":116,"column":5}},{"start":{},"end":{}}],"line":111},"6":{"loc":{"start":{"line":126,"column":6},"end":{"line":126,"column":80}},"type":"binary-expr","locations":[{"start":{"line":126,"column":6},"end":{"line":126,"column":28}},{"start":{"line":126,"column":32},"end":{"line":126,"column":80}}],"line":126},"7":{"loc":{"start":{"line":127,"column":19},"end":{"line":127,"column":54}},"type":"binary-expr","locations":[{"start":{"line":127,"column":19},"end":{"line":127,"column":45}},{"start":{"line":127,"column":49},"end":{"line":127,"column":54}}],"line":127},"8":{"loc":{"start":{"line":177,"column":6},"end":{"line":177,"column":28}},"type":"default-arg","locations":[{"start":{"line":177,"column":16},"end":{"line":177,"column":28}}],"line":177},"9":{"loc":{"start":{"line":178,"column":6},"end":{"line":178,"column":25}},"type":"default-arg","locations":[{"start":{"line":178,"column":19},"end":{"line":178,"column":25}}],"line":178},"10":{"loc":{"start":{"line":179,"column":6},"end":{"line":179,"column":14}},"type":"default-arg","locations":[{"start":{"line":179,"column":13},"end":{"line":179,"column":14}}],"line":179},"11":{"loc":{"start":{"line":180,"column":6},"end":{"line":180,"column":16}},"type":"default-arg","locations":[{"start":{"line":180,"column":14},"end":{"line":180,"column":16}}],"line":180},"12":{"loc":{"start":{"line":189,"column":4},"end":{"line":192,"column":5}},"type":"if","locations":[{"start":{"line":189,"column":4},"end":{"line":192,"column":5}},{"start":{},"end":{}}],"line":189},"13":{"loc":{"start":{"line":194,"column":4},"end":{"line":197,"column":5}},"type":"if","locations":[{"start":{"line":194,"column":4},"end":{"line":197,"column":5}},{"start":{},"end":{}}],"line":194},"14":{"loc":{"start":{"line":199,"column":4},"end":{"line":203,"column":5}},"type":"if","locations":[{"start":{"line":199,"column":4},"end":{"line":203,"column":5}},{"start":{},"end":{}}],"line":199},"15":{"loc":{"start":{"line":205,"column":24},"end":{"line":207,"column":10}},"type":"cond-expr","locations":[{"start":{"line":206,"column":8},"end":{"line":206,"column":43}},{"start":{"line":207,"column":8},"end":{"line":207,"column":10}}],"line":205},"16":{"loc":{"start":{"line":211,"column":23},"end":{"line":211,"column":82}},"type":"cond-expr","locations":[{"start":{"line":211,"column":60},"end":{"line":211,"column":67}},{"start":{"line":211,"column":70},"end":{"line":211,"column":82}}],"line":211},"17":{"loc":{"start":{"line":212,"column":26},"end":{"line":212,"column":77}},"type":"cond-expr","locations":[{"start":{"line":212,"column":63},"end":{"line":212,"column":68}},{"start":{"line":212,"column":71},"end":{"line":212,"column":77}}],"line":212},"18":{"loc":{"start":{"line":217,"column":22},"end":{"line":217,"column":75}},"type":"cond-expr","locations":[{"start":{"line":217,"column":61},"end":{"line":217,"column":71}},{"start":{"line":217,"column":74},"end":{"line":217,"column":75}}],"line":217},"19":{"loc":{"start":{"line":217,"column":22},"end":{"line":217,"column":58}},"type":"binary-expr","locations":[{"start":{"line":217,"column":22},"end":{"line":217,"column":40}},{"start":{"line":217,"column":44},"end":{"line":217,"column":58}}],"line":217},"20":{"loc":{"start":{"line":218,"column":23},"end":{"line":218,"column":102}},"type":"cond-expr","locations":[{"start":{"line":218,"column":86},"end":{"line":218,"column":97}},{"start":{"line":218,"column":100},"end":{"line":218,"column":102}}],"line":218},"21":{"loc":{"start":{"line":218,"column":23},"end":{"line":218,"column":83}},"type":"binary-expr","locations":[{"start":{"line":218,"column":23},"end":{"line":218,"column":42}},{"start":{"line":218,"column":46},"end":{"line":218,"column":61}},{"start":{"line":218,"column":65},"end":{"line":218,"column":83}}],"line":218},"22":{"loc":{"start":{"line":254,"column":4},"end":{"line":274,"column":5}},"type":"if","locations":[{"start":{"line":254,"column":4},"end":{"line":274,"column":5}},{"start":{},"end":{}}],"line":254},"23":{"loc":{"start":{"line":280,"column":39},"end":{"line":280,"column":71}},"type":"binary-expr","locations":[{"start":{"line":280,"column":39},"end":{"line":280,"column":66}},{"start":{"line":280,"column":70},"end":{"line":280,"column":71}}],"line":280},"24":{"loc":{"start":{"line":288,"column":13},"end":{"line":292,"column":7}},"type":"binary-expr","locations":[{"start":{"line":288,"column":13},"end":{"line":288,"column":30}},{"start":{"line":288,"column":34},"end":{"line":292,"column":7}}],"line":288},"25":{"loc":{"start":{"line":341,"column":4},"end":{"line":346,"column":5}},"type":"if","locations":[{"start":{"line":341,"column":4},"end":{"line":346,"column":5}},{"start":{},"end":{}}],"line":341},"26":{"loc":{"start":{"line":367,"column":37},"end":{"line":367,"column":85}},"type":"binary-expr","locations":[{"start":{"line":367,"column":37},"end":{"line":367,"column":80}},{"start":{"line":367,"column":84},"end":{"line":367,"column":85}}],"line":367},"27":{"loc":{"start":{"line":406,"column":4},"end":{"line":411,"column":5}},"type":"if","locations":[{"start":{"line":406,"column":4},"end":{"line":411,"column":5}},{"start":{},"end":{}}],"line":406},"28":{"loc":{"start":{"line":406,"column":8},"end":{"line":406,"column":50}},"type":"binary-expr","locations":[{"start":{"line":406,"column":8},"end":{"line":406,"column":13}},{"start":{"line":406,"column":17},"end":{"line":406,"column":50}}],"line":406},"29":{"loc":{"start":{"line":414,"column":4},"end":{"line":419,"column":5}},"type":"if","locations":[{"start":{"line":414,"column":4},"end":{"line":419,"column":5}},{"start":{},"end":{}}],"line":414},"30":{"loc":{"start":{"line":427,"column":4},"end":{"line":432,"column":5}},"type":"if","locations":[{"start":{"line":427,"column":4},"end":{"line":432,"column":5}},{"start":{},"end":{}}],"line":427},"31":{"loc":{"start":{"line":480,"column":4},"end":{"line":485,"column":5}},"type":"if","locations":[{"start":{"line":480,"column":4},"end":{"line":485,"column":5}},{"start":{},"end":{}}],"line":480},"32":{"loc":{"start":{"line":480,"column":8},"end":{"line":480,"column":46}},"type":"binary-expr","locations":[{"start":{"line":480,"column":8},"end":{"line":480,"column":20}},{"start":{"line":480,"column":24},"end":{"line":480,"column":46}}],"line":480},"33":{"loc":{"start":{"line":493,"column":4},"end":{"line":498,"column":5}},"type":"if","locations":[{"start":{"line":493,"column":4},"end":{"line":498,"column":5}},{"start":{},"end":{}}],"line":493},"34":{"loc":{"start":{"line":544,"column":4},"end":{"line":549,"column":5}},"type":"if","locations":[{"start":{"line":544,"column":4},"end":{"line":549,"column":5}},{"start":{},"end":{}}],"line":544},"35":{"loc":{"start":{"line":552,"column":4},"end":{"line":557,"column":5}},"type":"if","locations":[{"start":{"line":552,"column":4},"end":{"line":557,"column":5}},{"start":{},"end":{}}],"line":552},"36":{"loc":{"start":{"line":565,"column":4},"end":{"line":570,"column":5}},"type":"if","locations":[{"start":{"line":565,"column":4},"end":{"line":570,"column":5}},{"start":{},"end":{}}],"line":565},"37":{"loc":{"start":{"line":588,"column":6},"end":{"line":588,"column":61}},"type":"cond-expr","locations":[{"start":{"line":588,"column":18},"end":{"line":588,"column":37}},{"start":{"line":588,"column":40},"end":{"line":588,"column":61}}],"line":588},"38":{"loc":{"start":{"line":596,"column":31},"end":{"line":596,"column":70}},"type":"cond-expr","locations":[{"start":{"line":596,"column":43},"end":{"line":596,"column":54}},{"start":{"line":596,"column":57},"end":{"line":596,"column":70}}],"line":596},"39":{"loc":{"start":{"line":616,"column":12},"end":{"line":616,"column":22}},"type":"default-arg","locations":[{"start":{"line":616,"column":20},"end":{"line":616,"column":22}}],"line":616},"40":{"loc":{"start":{"line":616,"column":24},"end":{"line":616,"column":34}},"type":"default-arg","locations":[{"start":{"line":616,"column":33},"end":{"line":616,"column":34}}],"line":616}},"s":{"0":3,"1":3,"2":3,"3":3,"4":3,"5":3,"6":3,"7":15,"8":15,"9":15,"10":2,"11":13,"12":11,"13":1,"14":10,"15":10,"16":10,"17":2,"18":8,"19":8,"20":2,"21":2,"22":3,"23":0,"24":0,"25":0,"26":0,"27":0,"28":0,"29":0,"30":0,"31":0,"32":0,"33":0,"34":0,"35":0,"36":0,"37":0,"38":0,"39":0,"40":3,"41":14,"42":14,"43":14,"44":14,"45":14,"46":14,"47":1,"48":1,"49":14,"50":1,"51":1,"52":14,"53":1,"54":1,"55":1,"56":14,"57":14,"58":14,"59":14,"60":14,"61":14,"62":14,"63":14,"64":14,"65":14,"66":14,"67":14,"68":14,"69":14,"70":12,"71":12,"72":12,"73":12,"74":12,"75":12,"76":12,"77":12,"78":12,"79":12,"80":24,"81":12,"82":12,"83":11,"84":11,"85":11,"86":11,"87":11,"88":11,"89":10,"90":1,"91":1,"92":12,"93":12,"94":22,"95":12,"96":24,"97":12,"98":12,"99":24,"100":12,"101":2,"102":2,"103":2,"104":3,"105":6,"106":6,"107":6,"108":4,"109":2,"110":2,"111":2,"112":2,"113":1,"114":1,"115":2,"116":2,"117":2,"118":2,"119":2,"120":2,"121":3,"122":8,"123":8,"124":8,"125":8,"126":2,"127":6,"128":2,"129":4,"130":4,"131":1,"132":3,"133":3,"134":3,"135":1,"136":1,"137":1,"138":2,"139":2,"140":3,"141":6,"142":6,"143":6,"144":6,"145":2,"146":4,"147":4,"148":1,"149":3,"150":3,"151":3,"152":1,"153":1,"154":2,"155":2,"156":3,"157":9,"158":9,"159":9,"160":9,"161":2,"162":7,"163":2,"164":5,"165":5,"166":1,"167":4,"168":4,"169":4,"170":2,"171":2,"172":2,"173":2,"174":2,"175":3,"176":5,"177":5,"178":5,"179":5,"180":3,"181":3,"182":2,"183":2,"184":3},"f":{"0":15,"1":0,"2":14,"3":24,"4":22,"5":24,"6":24,"7":6,"8":8,"9":6,"10":9,"11":5},"b":{"0":[2,13],"1":[1,10],"2":[2,8],"3":[0,0],"4":[0,0],"5":[0,0],"6":[0,0],"7":[0,0],"8":[11],"9":[11],"10":[11],"11":[11],"12":[1,13],"13":[1,13],"14":[1,13],"15":[3,11],"16":[13,1],"17":[2,12],"18":[13,1],"19":[14,13],"20":[13,1],"21":[14,13,13],"22":[11,1],"23":[22,0],"24":[24,2],"25":[2,2],"26":[2,1],"27":[2,6],"28":[8,8],"29":[2,4],"30":[1,3],"31":[2,4],"32":[6,6],"33":[1,3],"34":[2,7],"35":[2,5],"36":[1,4],"37":[1,1],"38":[1,1],"39":[3],"40":[3]},"_coverageSchema":"1a1c01bbd47fc00a2c39e90264f33305004495a9","hash":"265e69c94205c333e84a40c50074d1c124ab4def"}
,"/Users/sbecker11/workspace-react/react-super-app/server/src/routes/auth.js": {"path":"/Users/sbecker11/workspace-react/react-super-app/server/src/routes/auth.js","statementMap":{"0":{"start":{"line":1,"column":16},"end":{"line":1,"column":34}},"1":{"start":{"line":2,"column":15},"end":{"line":2,"column":34}},"2":{"start":{"line":3,"column":12},"end":{"line":3,"column":35}},"3":{"start":{"line":4,"column":35},"end":{"line":4,"column":63}},"4":{"start":{"line":5,"column":18},"end":{"line":5,"column":51}},"5":{"start":{"line":6,"column":25},"end":{"line":6,"column":54}},"6":{"start":{"line":7,"column":34},"end":{"line":7,"column":76}},"7":{"start":{"line":9,"column":15},"end":{"line":9,"column":31}},"8":{"start":{"line":16,"column":0},"end":{"line":74,"column":3}},"9":{"start":{"line":17,"column":2},"end":{"line":73,"column":3}},"10":{"start":{"line":19,"column":19},"end":{"line":19,"column":40}},"11":{"start":{"line":20,"column":4},"end":{"line":22,"column":5}},"12":{"start":{"line":21,"column":6},"end":{"line":21,"column":62}},"13":{"start":{"line":24,"column":38},"end":{"line":24,"column":46}},"14":{"start":{"line":27,"column":25},"end":{"line":30,"column":5}},"15":{"start":{"line":32,"column":4},"end":{"line":34,"column":5}},"16":{"start":{"line":33,"column":6},"end":{"line":33,"column":84}},"17":{"start":{"line":37,"column":23},"end":{"line":37,"column":25}},"18":{"start":{"line":38,"column":25},"end":{"line":38,"column":64}},"19":{"start":{"line":41,"column":19},"end":{"line":46,"column":5}},"20":{"start":{"line":48,"column":17},"end":{"line":48,"column":31}},"21":{"start":{"line":51,"column":4},"end":{"line":51,"column":61}},"22":{"start":{"line":54,"column":18},"end":{"line":58,"column":5}},"23":{"start":{"line":60,"column":4},"end":{"line":69,"column":7}},"24":{"start":{"line":71,"column":4},"end":{"line":71,"column":48}},"25":{"start":{"line":72,"column":4},"end":{"line":72,"column":59}},"26":{"start":{"line":80,"column":0},"end":{"line":157,"column":3}},"27":{"start":{"line":90,"column":2},"end":{"line":156,"column":3}},"28":{"start":{"line":92,"column":19},"end":{"line":92,"column":40}},"29":{"start":{"line":93,"column":4},"end":{"line":95,"column":5}},"30":{"start":{"line":94,"column":6},"end":{"line":94,"column":62}},"31":{"start":{"line":97,"column":32},"end":{"line":97,"column":40}},"32":{"start":{"line":100,"column":19},"end":{"line":103,"column":5}},"33":{"start":{"line":105,"column":4},"end":{"line":109,"column":5}},"34":{"start":{"line":107,"column":6},"end":{"line":107,"column":77}},"35":{"start":{"line":108,"column":6},"end":{"line":108,"column":74}},"36":{"start":{"line":111,"column":17},"end":{"line":111,"column":31}},"37":{"start":{"line":114,"column":4},"end":{"line":117,"column":5}},"38":{"start":{"line":115,"column":6},"end":{"line":115,"column":85}},"39":{"start":{"line":116,"column":6},"end":{"line":116,"column":102}},"40":{"start":{"line":120,"column":28},"end":{"line":120,"column":78}},"41":{"start":{"line":122,"column":4},"end":{"line":125,"column":5}},"42":{"start":{"line":123,"column":6},"end":{"line":123,"column":82}},"43":{"start":{"line":124,"column":6},"end":{"line":124,"column":74}},"44":{"start":{"line":128,"column":4},"end":{"line":131,"column":6}},"45":{"start":{"line":134,"column":4},"end":{"line":134,"column":58}},"46":{"start":{"line":137,"column":18},"end":{"line":141,"column":5}},"47":{"start":{"line":143,"column":4},"end":{"line":152,"column":7}},"48":{"start":{"line":154,"column":4},"end":{"line":154,"column":41}},"49":{"start":{"line":155,"column":4},"end":{"line":155,"column":52}},"50":{"start":{"line":159,"column":0},"end":{"line":159,"column":24}}},"fnMap":{"0":{"name":"(anonymous_0)","decl":{"start":{"line":16,"column":50},"end":{"line":16,"column":51}},"loc":{"start":{"line":16,"column":70},"end":{"line":74,"column":1}},"line":16},"1":{"name":"(anonymous_1)","decl":{"start":{"line":89,"column":3},"end":{"line":89,"column":4}},"loc":{"start":{"line":89,"column":23},"end":{"line":157,"column":1}},"line":89}},"branchMap":{"0":{"loc":{"start":{"line":20,"column":4},"end":{"line":22,"column":5}},"type":"if","locations":[{"start":{"line":20,"column":4},"end":{"line":22,"column":5}},{"start":{},"end":{}}],"line":20},"1":{"loc":{"start":{"line":32,"column":4},"end":{"line":34,"column":5}},"type":"if","locations":[{"start":{"line":32,"column":4},"end":{"line":34,"column":5}},{"start":{},"end":{}}],"line":32},"2":{"loc":{"start":{"line":57,"column":19},"end":{"line":57,"column":54}},"type":"binary-expr","locations":[{"start":{"line":57,"column":19},"end":{"line":57,"column":45}},{"start":{"line":57,"column":49},"end":{"line":57,"column":54}}],"line":57},"3":{"loc":{"start":{"line":93,"column":4},"end":{"line":95,"column":5}},"type":"if","locations":[{"start":{"line":93,"column":4},"end":{"line":95,"column":5}},{"start":{},"end":{}}],"line":93},"4":{"loc":{"start":{"line":105,"column":4},"end":{"line":109,"column":5}},"type":"if","locations":[{"start":{"line":105,"column":4},"end":{"line":109,"column":5}},{"start":{},"end":{}}],"line":105},"5":{"loc":{"start":{"line":114,"column":4},"end":{"line":117,"column":5}},"type":"if","locations":[{"start":{"line":114,"column":4},"end":{"line":117,"column":5}},{"start":{},"end":{}}],"line":114},"6":{"loc":{"start":{"line":122,"column":4},"end":{"line":125,"column":5}},"type":"if","locations":[{"start":{"line":122,"column":4},"end":{"line":125,"column":5}},{"start":{},"end":{}}],"line":122},"7":{"loc":{"start":{"line":140,"column":19},"end":{"line":140,"column":54}},"type":"binary-expr","locations":[{"start":{"line":140,"column":19},"end":{"line":140,"column":45}},{"start":{"line":140,"column":49},"end":{"line":140,"column":54}}],"line":140}},"s":{"0":2,"1":2,"2":2,"3":2,"4":2,"5":2,"6":2,"7":2,"8":2,"9":11,"10":11,"11":11,"12":4,"13":7,"14":7,"15":7,"16":1,"17":6,"18":6,"19":6,"20":6,"21":6,"22":6,"23":6,"24":0,"25":0,"26":2,"27":5,"28":5,"29":5,"30":1,"31":4,"32":4,"33":4,"34":1,"35":1,"36":3,"37":3,"38":0,"39":0,"40":3,"41":3,"42":1,"43":1,"44":2,"45":2,"46":2,"47":2,"48":0,"49":0,"50":2},"f":{"0":11,"1":5},"b":{"0":[4,7],"1":[1,6],"2":[6,0],"3":[1,4],"4":[1,3],"5":[0,3],"6":[1,2],"7":[2,0]},"_coverageSchema":"1a1c01bbd47fc00a2c39e90264f33305004495a9","hash":"ad5a11dd2ab72b3cf983bdf581215a3cf59e8a74"}
,"/Users/sbecker11/workspace-react/react-super-app/server/src/routes/coverage.js": {"path":"/Users/sbecker11/workspace-react/react-super-app/server/src/routes/coverage.js","statementMap":{"0":{"start":{"line":1,"column":16},"end":{"line":1,"column":34}},"1":{"start":{"line":2,"column":15},"end":{"line":2,"column":31}},"2":{"start":{"line":3,"column":11},"end":{"line":3,"column":24}},"3":{"start":{"line":4,"column":13},"end":{"line":4,"column":28}},"4":{"start":{"line":5,"column":17},"end":{"line":5,"column":41}},"5":{"start":{"line":6,"column":13},"end":{"line":6,"column":28}},"6":{"start":{"line":7,"column":20},"end":{"line":7,"column":40}},"7":{"start":{"line":15,"column":20},"end":{"line":15,"column":69}},"8":{"start":{"line":16,"column":28},"end":{"line":16,"column":73}},"9":{"start":{"line":17,"column":28},"end":{"line":17,"column":73}},"10":{"start":{"line":20,"column":0},"end":{"line":22,"column":1}},"11":{"start":{"line":21,"column":2},"end":{"line":21,"column":49}},"12":{"start":{"line":28,"column":2},"end":{"line":34,"column":3}},"13":{"start":{"line":29,"column":4},"end":{"line":31,"column":5}},"14":{"start":{"line":30,"column":6},"end":{"line":30,"column":62}},"15":{"start":{"line":33,"column":4},"end":{"line":33,"column":51}},"16":{"start":{"line":35,"column":2},"end":{"line":35,"column":12}},"17":{"start":{"line":42,"column":2},"end":{"line":49,"column":3}},"18":{"start":{"line":43,"column":20},"end":{"line":43,"column":44}},"19":{"start":{"line":44,"column":4},"end":{"line":44,"column":27}},"20":{"start":{"line":45,"column":27},"end":{"line":45,"column":47}},"21":{"start":{"line":46,"column":4},"end":{"line":46,"column":75}},"22":{"start":{"line":48,"column":4},"end":{"line":48,"column":50}},"23":{"start":{"line":56,"column":16},"end":{"line":59,"column":3}},"24":{"start":{"line":62,"column":20},"end":{"line":62,"column":118}},"25":{"start":{"line":63,"column":2},"end":{"line":68,"column":3}},"26":{"start":{"line":64,"column":4},"end":{"line":64,"column":53}},"27":{"start":{"line":65,"column":4},"end":{"line":65,"column":54}},"28":{"start":{"line":66,"column":4},"end":{"line":66,"column":53}},"29":{"start":{"line":67,"column":4},"end":{"line":67,"column":52}},"30":{"start":{"line":70,"column":21},"end":{"line":70,"column":102}},"31":{"start":{"line":71,"column":2},"end":{"line":75,"column":3}},"32":{"start":{"line":72,"column":4},"end":{"line":72,"column":55}},"33":{"start":{"line":73,"column":4},"end":{"line":73,"column":55}},"34":{"start":{"line":74,"column":4},"end":{"line":74,"column":54}},"35":{"start":{"line":77,"column":2},"end":{"line":77,"column":15}},"36":{"start":{"line":81,"column":0},"end":{"line":104,"column":3}},"37":{"start":{"line":82,"column":21},"end":{"line":82,"column":89}},"38":{"start":{"line":84,"column":2},"end":{"line":103,"column":3}},"39":{"start":{"line":85,"column":4},"end":{"line":90,"column":5}},"40":{"start":{"line":86,"column":6},"end":{"line":89,"column":9}},"41":{"start":{"line":92,"column":21},"end":{"line":92,"column":56}},"42":{"start":{"line":93,"column":18},"end":{"line":93,"column":41}},"43":{"start":{"line":95,"column":4},"end":{"line":99,"column":7}},"44":{"start":{"line":101,"column":4},"end":{"line":101,"column":66}},"45":{"start":{"line":102,"column":4},"end":{"line":102,"column":70}},"46":{"start":{"line":107,"column":0},"end":{"line":130,"column":3}},"47":{"start":{"line":108,"column":21},"end":{"line":108,"column":89}},"48":{"start":{"line":110,"column":2},"end":{"line":129,"column":3}},"49":{"start":{"line":111,"column":4},"end":{"line":116,"column":5}},"50":{"start":{"line":112,"column":6},"end":{"line":115,"column":9}},"51":{"start":{"line":118,"column":21},"end":{"line":118,"column":56}},"52":{"start":{"line":119,"column":18},"end":{"line":119,"column":41}},"53":{"start":{"line":121,"column":4},"end":{"line":125,"column":7}},"54":{"start":{"line":127,"column":4},"end":{"line":127,"column":66}},"55":{"start":{"line":128,"column":4},"end":{"line":128,"column":70}},"56":{"start":{"line":133,"column":0},"end":{"line":168,"column":3}},"57":{"start":{"line":134,"column":21},"end":{"line":134,"column":89}},"58":{"start":{"line":135,"column":21},"end":{"line":135,"column":89}},"59":{"start":{"line":137,"column":17},"end":{"line":140,"column":3}},"60":{"start":{"line":142,"column":2},"end":{"line":167,"column":3}},"61":{"start":{"line":143,"column":4},"end":{"line":151,"column":5}},"62":{"start":{"line":144,"column":23},"end":{"line":144,"column":58}},"63":{"start":{"line":145,"column":20},"end":{"line":145,"column":43}},"64":{"start":{"line":146,"column":6},"end":{"line":150,"column":8}},"65":{"start":{"line":153,"column":4},"end":{"line":161,"column":5}},"66":{"start":{"line":154,"column":23},"end":{"line":154,"column":58}},"67":{"start":{"line":155,"column":20},"end":{"line":155,"column":43}},"68":{"start":{"line":156,"column":6},"end":{"line":160,"column":8}},"69":{"start":{"line":163,"column":4},"end":{"line":163,"column":21}},"70":{"start":{"line":165,"column":4},"end":{"line":165,"column":60}},"71":{"start":{"line":166,"column":4},"end":{"line":166,"column":71}},"72":{"start":{"line":171,"column":0},"end":{"line":184,"column":3}},"73":{"start":{"line":172,"column":2},"end":{"line":183,"column":3}},"74":{"start":{"line":173,"column":26},"end":{"line":173,"column":58}},"75":{"start":{"line":174,"column":26},"end":{"line":174,"column":58}},"76":{"start":{"line":176,"column":4},"end":{"line":179,"column":7}},"77":{"start":{"line":181,"column":4},"end":{"line":181,"column":60}},"78":{"start":{"line":182,"column":4},"end":{"line":182,"column":71}},"79":{"start":{"line":187,"column":0},"end":{"line":243,"column":3}},"80":{"start":{"line":188,"column":20},"end":{"line":188,"column":30}},"81":{"start":{"line":190,"column":2},"end":{"line":242,"column":3}},"82":{"start":{"line":191,"column":4},"end":{"line":191,"column":58}},"83":{"start":{"line":194,"column":31},"end":{"line":197,"column":6}},"84":{"start":{"line":199,"column":20},"end":{"line":199,"column":30}},"85":{"start":{"line":200,"column":21},"end":{"line":200,"column":61}},"86":{"start":{"line":202,"column":4},"end":{"line":202,"column":56}},"87":{"start":{"line":203,"column":4},"end":{"line":203,"column":49}},"88":{"start":{"line":203,"column":16},"end":{"line":203,"column":49}},"89":{"start":{"line":206,"column":18},"end":{"line":206,"column":51}},"90":{"start":{"line":209,"column":25},"end":{"line":214,"column":5}},"91":{"start":{"line":215,"column":4},"end":{"line":215,"column":51}},"92":{"start":{"line":217,"column":4},"end":{"line":222,"column":7}},"93":{"start":{"line":224,"column":20},"end":{"line":224,"column":30}},"94":{"start":{"line":225,"column":21},"end":{"line":225,"column":61}},"95":{"start":{"line":227,"column":4},"end":{"line":227,"column":64}},"96":{"start":{"line":230,"column":25},"end":{"line":235,"column":5}},"97":{"start":{"line":236,"column":4},"end":{"line":236,"column":51}},"98":{"start":{"line":238,"column":4},"end":{"line":241,"column":7}},"99":{"start":{"line":246,"column":0},"end":{"line":302,"column":3}},"100":{"start":{"line":247,"column":20},"end":{"line":247,"column":30}},"101":{"start":{"line":249,"column":2},"end":{"line":301,"column":3}},"102":{"start":{"line":250,"column":4},"end":{"line":250,"column":58}},"103":{"start":{"line":253,"column":31},"end":{"line":256,"column":6}},"104":{"start":{"line":258,"column":20},"end":{"line":258,"column":30}},"105":{"start":{"line":259,"column":21},"end":{"line":259,"column":61}},"106":{"start":{"line":261,"column":4},"end":{"line":261,"column":56}},"107":{"start":{"line":262,"column":4},"end":{"line":262,"column":49}},"108":{"start":{"line":262,"column":16},"end":{"line":262,"column":49}},"109":{"start":{"line":265,"column":18},"end":{"line":265,"column":51}},"110":{"start":{"line":268,"column":25},"end":{"line":273,"column":5}},"111":{"start":{"line":274,"column":4},"end":{"line":274,"column":51}},"112":{"start":{"line":276,"column":4},"end":{"line":281,"column":7}},"113":{"start":{"line":283,"column":20},"end":{"line":283,"column":30}},"114":{"start":{"line":284,"column":21},"end":{"line":284,"column":61}},"115":{"start":{"line":286,"column":4},"end":{"line":286,"column":64}},"116":{"start":{"line":289,"column":25},"end":{"line":294,"column":5}},"117":{"start":{"line":295,"column":4},"end":{"line":295,"column":51}},"118":{"start":{"line":297,"column":4},"end":{"line":300,"column":7}},"119":{"start":{"line":304,"column":0},"end":{"line":304,"column":24}}},"fnMap":{"0":{"name":"loadHistory","decl":{"start":{"line":27,"column":9},"end":{"line":27,"column":20}},"loc":{"start":{"line":27,"column":34},"end":{"line":36,"column":1}},"line":27},"1":{"name":"saveHistory","decl":{"start":{"line":41,"column":9},"end":{"line":41,"column":20}},"loc":{"start":{"line":41,"column":41},"end":{"line":50,"column":1}},"line":41},"2":{"name":"parseTestOutput","decl":{"start":{"line":55,"column":9},"end":{"line":55,"column":24}},"loc":{"start":{"line":55,"column":33},"end":{"line":78,"column":1}},"line":55},"3":{"name":"(anonymous_3)","decl":{"start":{"line":81,"column":22},"end":{"line":81,"column":23}},"loc":{"start":{"line":81,"column":36},"end":{"line":104,"column":1}},"line":81},"4":{"name":"(anonymous_4)","decl":{"start":{"line":107,"column":22},"end":{"line":107,"column":23}},"loc":{"start":{"line":107,"column":36},"end":{"line":130,"column":1}},"line":107},"5":{"name":"(anonymous_5)","decl":{"start":{"line":133,"column":19},"end":{"line":133,"column":20}},"loc":{"start":{"line":133,"column":33},"end":{"line":168,"column":1}},"line":133},"6":{"name":"(anonymous_6)","decl":{"start":{"line":171,"column":23},"end":{"line":171,"column":24}},"loc":{"start":{"line":171,"column":37},"end":{"line":184,"column":1}},"line":171},"7":{"name":"(anonymous_7)","decl":{"start":{"line":187,"column":34},"end":{"line":187,"column":35}},"loc":{"start":{"line":187,"column":54},"end":{"line":243,"column":1}},"line":187},"8":{"name":"(anonymous_8)","decl":{"start":{"line":246,"column":34},"end":{"line":246,"column":35}},"loc":{"start":{"line":246,"column":54},"end":{"line":302,"column":1}},"line":246}},"branchMap":{"0":{"loc":{"start":{"line":20,"column":0},"end":{"line":22,"column":1}},"type":"if","locations":[{"start":{"line":20,"column":0},"end":{"line":22,"column":1}},{"start":{},"end":{}}],"line":20},"1":{"loc":{"start":{"line":29,"column":4},"end":{"line":31,"column":5}},"type":"if","locations":[{"start":{"line":29,"column":4},"end":{"line":31,"column":5}},{"start":{},"end":{}}],"line":29},"2":{"loc":{"start":{"line":63,"column":2},"end":{"line":68,"column":3}},"type":"if","locations":[{"start":{"line":63,"column":2},"end":{"line":68,"column":3}},{"start":{},"end":{}}],"line":63},"3":{"loc":{"start":{"line":64,"column":34},"end":{"line":64,"column":51}},"type":"binary-expr","locations":[{"start":{"line":64,"column":34},"end":{"line":64,"column":46}},{"start":{"line":64,"column":50},"end":{"line":64,"column":51}}],"line":64},"4":{"loc":{"start":{"line":65,"column":35},"end":{"line":65,"column":52}},"type":"binary-expr","locations":[{"start":{"line":65,"column":35},"end":{"line":65,"column":47}},{"start":{"line":65,"column":51},"end":{"line":65,"column":52}}],"line":65},"5":{"loc":{"start":{"line":66,"column":34},"end":{"line":66,"column":51}},"type":"binary-expr","locations":[{"start":{"line":66,"column":34},"end":{"line":66,"column":46}},{"start":{"line":66,"column":50},"end":{"line":66,"column":51}}],"line":66},"6":{"loc":{"start":{"line":67,"column":33},"end":{"line":67,"column":50}},"type":"binary-expr","locations":[{"start":{"line":67,"column":33},"end":{"line":67,"column":45}},{"start":{"line":67,"column":49},"end":{"line":67,"column":50}}],"line":67},"7":{"loc":{"start":{"line":71,"column":2},"end":{"line":75,"column":3}},"type":"if","locations":[{"start":{"line":71,"column":2},"end":{"line":75,"column":3}},{"start":{},"end":{}}],"line":71},"8":{"loc":{"start":{"line":72,"column":35},"end":{"line":72,"column":53}},"type":"binary-expr","locations":[{"start":{"line":72,"column":35},"end":{"line":72,"column":48}},{"start":{"line":72,"column":52},"end":{"line":72,"column":53}}],"line":72},"9":{"loc":{"start":{"line":73,"column":35},"end":{"line":73,"column":53}},"type":"binary-expr","locations":[{"start":{"line":73,"column":35},"end":{"line":73,"column":48}},{"start":{"line":73,"column":52},"end":{"line":73,"column":53}}],"line":73},"10":{"loc":{"start":{"line":74,"column":34},"end":{"line":74,"column":52}},"type":"binary-expr","locations":[{"start":{"line":74,"column":34},"end":{"line":74,"column":47}},{"start":{"line":74,"column":51},"end":{"line":74,"column":52}}],"line":74},"11":{"loc":{"start":{"line":85,"column":4},"end":{"line":90,"column":5}},"type":"if","locations":[{"start":{"line":85,"column":4},"end":{"line":90,"column":5}},{"start":{},"end":{}}],"line":85},"12":{"loc":{"start":{"line":111,"column":4},"end":{"line":116,"column":5}},"type":"if","locations":[{"start":{"line":111,"column":4},"end":{"line":116,"column":5}},{"start":{},"end":{}}],"line":111},"13":{"loc":{"start":{"line":143,"column":4},"end":{"line":151,"column":5}},"type":"if","locations":[{"start":{"line":143,"column":4},"end":{"line":151,"column":5}},{"start":{},"end":{}}],"line":143},"14":{"loc":{"start":{"line":153,"column":4},"end":{"line":161,"column":5}},"type":"if","locations":[{"start":{"line":153,"column":4},"end":{"line":161,"column":5}},{"start":{},"end":{}}],"line":153},"15":{"loc":{"start":{"line":203,"column":4},"end":{"line":203,"column":49}},"type":"if","locations":[{"start":{"line":203,"column":4},"end":{"line":203,"column":49}},{"start":{},"end":{}}],"line":203},"16":{"loc":{"start":{"line":206,"column":34},"end":{"line":206,"column":50}},"type":"binary-expr","locations":[{"start":{"line":206,"column":34},"end":{"line":206,"column":40}},{"start":{"line":206,"column":44},"end":{"line":206,"column":50}}],"line":206},"17":{"loc":{"start":{"line":262,"column":4},"end":{"line":262,"column":49}},"type":"if","locations":[{"start":{"line":262,"column":4},"end":{"line":262,"column":49}},{"start":{},"end":{}}],"line":262},"18":{"loc":{"start":{"line":265,"column":34},"end":{"line":265,"column":50}},"type":"binary-expr","locations":[{"start":{"line":265,"column":34},"end":{"line":265,"column":40}},{"start":{"line":265,"column":44},"end":{"line":265,"column":50}}],"line":265}},"s":{"0":2,"1":2,"2":2,"3":2,"4":2,"5":2,"6":2,"7":2,"8":2,"9":2,"10":2,"11":0,"12":0,"13":0,"14":0,"15":0,"16":0,"17":0,"18":0,"19":0,"20":0,"21":0,"22":0,"23":0,"24":0,"25":0,"26":0,"27":0,"28":0,"29":0,"30":0,"31":0,"32":0,"33":0,"34":0,"35":0,"36":2,"37":0,"38":0,"39":0,"40":0,"41":0,"42":0,"43":0,"44":0,"45":0,"46":2,"47":0,"48":0,"49":0,"50":0,"51":0,"52":0,"53":0,"54":0,"55":0,"56":2,"57":0,"58":0,"59":0,"60":0,"61":0,"62":0,"63":0,"64":0,"65":0,"66":0,"67":0,"68":0,"69":0,"70":0,"71":0,"72":2,"73":0,"74":0,"75":0,"76":0,"77":0,"78":0,"79":2,"80":0,"81":0,"82":0,"83":0,"84":0,"85":0,"86":0,"87":0,"88":0,"89":0,"90":0,"91":0,"92":0,"93":0,"94":0,"95":0,"96":0,"97":0,"98":0,"99":2,"100":0,"101":0,"102":0,"103":0,"104":0,"105":0,"106":0,"107":0,"108":0,"109":0,"110":0,"111":0,"112":0,"113":0,"114":0,"115":0,"116":0,"117":0,"118":0,"119":2},"f":{"0":0,"1":0,"2":0,"3":0,"4":0,"5":0,"6":0,"7":0,"8":0},"b":{"0":[0,2],"1":[0,0],"2":[0,0],"3":[0,0],"4":[0,0],"5":[0,0],"6":[0,0],"7":[0,0],"8":[0,0],"9":[0,0],"10":[0,0],"11":[0,0],"12":[0,0],"13":[0,0],"14":[0,0],"15":[0,0],"16":[0,0],"17":[0,0],"18":[0,0]},"_coverageSchema":"1a1c01bbd47fc00a2c39e90264f33305004495a9","hash":"976729b89e466b29bb20e91b21ff5ab83f12ae3b"}
,"/Users/sbecker11/workspace-react/react-super-app/server/src/routes/users.js": {"path":"/Users/sbecker11/workspace-react/react-super-app/server/src/routes/users.js","statementMap":{"0":{"start":{"line":1,"column":16},"end":{"line":1,"column":34}},"1":{"start":{"line":2,"column":29},"end":{"line":2,"column":57}},"2":{"start":{"line":3,"column":18},"end":{"line":3,"column":51}},"3":{"start":{"line":4,"column":25},"end":{"line":4,"column":54}},"4":{"start":{"line":5,"column":36},"end":{"line":5,"column":65}},"5":{"start":{"line":6,"column":39},"end":{"line":6,"column":81}},"6":{"start":{"line":8,"column":15},"end":{"line":8,"column":31}},"7":{"start":{"line":11,"column":0},"end":{"line":11,"column":25}},"8":{"start":{"line":17,"column":0},"end":{"line":28,"column":3}},"9":{"start":{"line":18,"column":2},"end":{"line":27,"column":3}},"10":{"start":{"line":19,"column":19},"end":{"line":21,"column":5}},"11":{"start":{"line":23,"column":4},"end":{"line":23,"column":37}},"12":{"start":{"line":25,"column":4},"end":{"line":25,"column":45}},"13":{"start":{"line":26,"column":4},"end":{"line":26,"column":61}},"14":{"start":{"line":35,"column":0},"end":{"line":49,"column":3}},"15":{"start":{"line":37,"column":2},"end":{"line":48,"column":5}},"16":{"start":{"line":56,"column":0},"end":{"line":96,"column":3}},"17":{"start":{"line":57,"column":2},"end":{"line":95,"column":3}},"18":{"start":{"line":58,"column":19},"end":{"line":58,"column":29}},"19":{"start":{"line":61,"column":19},"end":{"line":64,"column":5}},"20":{"start":{"line":66,"column":4},"end":{"line":68,"column":5}},"21":{"start":{"line":67,"column":6},"end":{"line":67,"column":63}},"22":{"start":{"line":71,"column":4},"end":{"line":76,"column":5}},"23":{"start":{"line":72,"column":6},"end":{"line":75,"column":9}},"24":{"start":{"line":79,"column":4},"end":{"line":81,"column":5}},"25":{"start":{"line":80,"column":6},"end":{"line":80,"column":48}},"26":{"start":{"line":84,"column":4},"end":{"line":89,"column":5}},"27":{"start":{"line":85,"column":6},"end":{"line":88,"column":9}},"28":{"start":{"line":91,"column":4},"end":{"line":91,"column":39}},"29":{"start":{"line":93,"column":4},"end":{"line":93,"column":44}},"30":{"start":{"line":94,"column":4},"end":{"line":94,"column":60}},"31":{"start":{"line":107,"column":0},"end":{"line":170,"column":3}},"32":{"start":{"line":108,"column":2},"end":{"line":169,"column":3}},"33":{"start":{"line":110,"column":19},"end":{"line":110,"column":40}},"34":{"start":{"line":111,"column":4},"end":{"line":113,"column":5}},"35":{"start":{"line":112,"column":6},"end":{"line":112,"column":62}},"36":{"start":{"line":115,"column":19},"end":{"line":115,"column":29}},"37":{"start":{"line":116,"column":28},"end":{"line":116,"column":36}},"38":{"start":{"line":117,"column":20},"end":{"line":117,"column":22}},"39":{"start":{"line":118,"column":19},"end":{"line":118,"column":21}},"40":{"start":{"line":119,"column":21},"end":{"line":119,"column":22}},"41":{"start":{"line":122,"column":4},"end":{"line":125,"column":5}},"42":{"start":{"line":123,"column":6},"end":{"line":123,"column":46}},"43":{"start":{"line":124,"column":6},"end":{"line":124,"column":24}},"44":{"start":{"line":127,"column":4},"end":{"line":140,"column":5}},"45":{"start":{"line":129,"column":27},"end":{"line":132,"column":7}},"46":{"start":{"line":134,"column":6},"end":{"line":136,"column":7}},"47":{"start":{"line":135,"column":8},"end":{"line":135,"column":71}},"48":{"start":{"line":138,"column":6},"end":{"line":138,"column":47}},"49":{"start":{"line":139,"column":6},"end":{"line":139,"column":25}},"50":{"start":{"line":142,"column":4},"end":{"line":144,"column":5}},"51":{"start":{"line":143,"column":6},"end":{"line":143,"column":68}},"52":{"start":{"line":147,"column":4},"end":{"line":147,"column":29}},"53":{"start":{"line":148,"column":4},"end":{"line":148,"column":20}},"54":{"start":{"line":150,"column":19},"end":{"line":156,"column":5}},"55":{"start":{"line":158,"column":4},"end":{"line":160,"column":5}},"56":{"start":{"line":159,"column":6},"end":{"line":159,"column":63}},"57":{"start":{"line":162,"column":4},"end":{"line":165,"column":7}},"58":{"start":{"line":167,"column":4},"end":{"line":167,"column":47}},"59":{"start":{"line":168,"column":4},"end":{"line":168,"column":61}},"60":{"start":{"line":178,"column":0},"end":{"line":196,"column":3}},"61":{"start":{"line":179,"column":2},"end":{"line":195,"column":3}},"62":{"start":{"line":180,"column":19},"end":{"line":180,"column":29}},"63":{"start":{"line":182,"column":19},"end":{"line":185,"column":5}},"64":{"start":{"line":187,"column":4},"end":{"line":189,"column":5}},"65":{"start":{"line":188,"column":6},"end":{"line":188,"column":63}},"66":{"start":{"line":191,"column":4},"end":{"line":191,"column":55}},"67":{"start":{"line":193,"column":4},"end":{"line":193,"column":47}},"68":{"start":{"line":194,"column":4},"end":{"line":194,"column":61}},"69":{"start":{"line":198,"column":0},"end":{"line":198,"column":24}}},"fnMap":{"0":{"name":"(anonymous_0)","decl":{"start":{"line":17,"column":16},"end":{"line":17,"column":17}},"loc":{"start":{"line":17,"column":36},"end":{"line":28,"column":1}},"line":17},"1":{"name":"(anonymous_1)","decl":{"start":{"line":35,"column":18},"end":{"line":35,"column":19}},"loc":{"start":{"line":35,"column":32},"end":{"line":49,"column":1}},"line":35},"2":{"name":"(anonymous_2)","decl":{"start":{"line":56,"column":19},"end":{"line":56,"column":20}},"loc":{"start":{"line":56,"column":39},"end":{"line":96,"column":1}},"line":56},"3":{"name":"(anonymous_3)","decl":{"start":{"line":107,"column":74},"end":{"line":107,"column":75}},"loc":{"start":{"line":107,"column":94},"end":{"line":170,"column":1}},"line":107},"4":{"name":"(anonymous_4)","decl":{"start":{"line":178,"column":47},"end":{"line":178,"column":48}},"loc":{"start":{"line":178,"column":67},"end":{"line":196,"column":1}},"line":178}},"branchMap":{"0":{"loc":{"start":{"line":66,"column":4},"end":{"line":68,"column":5}},"type":"if","locations":[{"start":{"line":66,"column":4},"end":{"line":68,"column":5}},{"start":{},"end":{}}],"line":66},"1":{"loc":{"start":{"line":71,"column":4},"end":{"line":76,"column":5}},"type":"if","locations":[{"start":{"line":71,"column":4},"end":{"line":76,"column":5}},{"start":{},"end":{}}],"line":71},"2":{"loc":{"start":{"line":79,"column":4},"end":{"line":81,"column":5}},"type":"if","locations":[{"start":{"line":79,"column":4},"end":{"line":81,"column":5}},{"start":{},"end":{}}],"line":79},"3":{"loc":{"start":{"line":84,"column":4},"end":{"line":89,"column":5}},"type":"if","locations":[{"start":{"line":84,"column":4},"end":{"line":89,"column":5}},{"start":{},"end":{}}],"line":84},"4":{"loc":{"start":{"line":111,"column":4},"end":{"line":113,"column":5}},"type":"if","locations":[{"start":{"line":111,"column":4},"end":{"line":113,"column":5}},{"start":{},"end":{}}],"line":111},"5":{"loc":{"start":{"line":122,"column":4},"end":{"line":125,"column":5}},"type":"if","locations":[{"start":{"line":122,"column":4},"end":{"line":125,"column":5}},{"start":{},"end":{}}],"line":122},"6":{"loc":{"start":{"line":127,"column":4},"end":{"line":140,"column":5}},"type":"if","locations":[{"start":{"line":127,"column":4},"end":{"line":140,"column":5}},{"start":{},"end":{}}],"line":127},"7":{"loc":{"start":{"line":134,"column":6},"end":{"line":136,"column":7}},"type":"if","locations":[{"start":{"line":134,"column":6},"end":{"line":136,"column":7}},{"start":{},"end":{}}],"line":134},"8":{"loc":{"start":{"line":142,"column":4},"end":{"line":144,"column":5}},"type":"if","locations":[{"start":{"line":142,"column":4},"end":{"line":144,"column":5}},{"start":{},"end":{}}],"line":142},"9":{"loc":{"start":{"line":158,"column":4},"end":{"line":160,"column":5}},"type":"if","locations":[{"start":{"line":158,"column":4},"end":{"line":160,"column":5}},{"start":{},"end":{}}],"line":158},"10":{"loc":{"start":{"line":187,"column":4},"end":{"line":189,"column":5}},"type":"if","locations":[{"start":{"line":187,"column":4},"end":{"line":189,"column":5}},{"start":{},"end":{}}],"line":187}},"s":{"0":2,"1":2,"2":2,"3":2,"4":2,"5":2,"6":2,"7":2,"8":2,"9":1,"10":1,"11":1,"12":0,"13":0,"14":2,"15":1,"16":2,"17":3,"18":3,"19":3,"20":3,"21":1,"22":2,"23":0,"24":2,"25":0,"26":2,"27":1,"28":1,"29":0,"30":0,"31":2,"32":4,"33":4,"34":4,"35":0,"36":4,"37":4,"38":4,"39":4,"40":4,"41":4,"42":1,"43":1,"44":4,"45":3,"46":3,"47":1,"48":2,"49":2,"50":3,"51":0,"52":3,"53":3,"54":3,"55":3,"56":0,"57":3,"58":0,"59":0,"60":2,"61":1,"62":1,"63":1,"64":1,"65":0,"66":1,"67":0,"68":0,"69":2},"f":{"0":1,"1":1,"2":3,"3":4,"4":1},"b":{"0":[1,2],"1":[0,2],"2":[0,2],"3":[1,1],"4":[0,4],"5":[1,3],"6":[3,1],"7":[1,2],"8":[0,3],"9":[0,3],"10":[0,1]},"_coverageSchema":"1a1c01bbd47fc00a2c39e90264f33305004495a9","hash":"cc2d4739f35825294ca7b166243c577ab26cfc3a"}
,"/Users/sbecker11/workspace-react/react-super-app/server/src/validation/validationHelpers.js": {"path":"/Users/sbecker11/workspace-react/react-super-app/server/src/validation/validationHelpers.js","statementMap":{"0":{"start":{"line":8,"column":17},"end":{"line":8,"column":45}},"1":{"start":{"line":9,"column":25},"end":{"line":9,"column":71}},"2":{"start":{"line":18,"column":48},"end":{"line":18,"column":55}},"3":{"start":{"line":19,"column":17},"end":{"line":19,"column":44}},"4":{"start":{"line":21,"column":2},"end":{"line":23,"column":3}},"5":{"start":{"line":22,"column":4},"end":{"line":22,"column":56}},"6":{"start":{"line":25,"column":21},"end":{"line":25,"column":23}},"7":{"start":{"line":28,"column":2},"end":{"line":96,"column":3}},"8":{"start":{"line":30,"column":6},"end":{"line":50,"column":7}},"9":{"start":{"line":32,"column":8},"end":{"line":40,"column":10}},"10":{"start":{"line":42,"column":8},"end":{"line":49,"column":10}},"11":{"start":{"line":51,"column":6},"end":{"line":51,"column":12}},"12":{"start":{"line":54,"column":6},"end":{"line":74,"column":7}},"13":{"start":{"line":56,"column":8},"end":{"line":64,"column":10}},"14":{"start":{"line":66,"column":8},"end":{"line":73,"column":10}},"15":{"start":{"line":76,"column":6},"end":{"line":76,"column":12}},"16":{"start":{"line":79,"column":6},"end":{"line":91,"column":8}},"17":{"start":{"line":92,"column":6},"end":{"line":92,"column":12}},"18":{"start":{"line":95,"column":6},"end":{"line":95,"column":76}},"19":{"start":{"line":98,"column":2},"end":{"line":98,"column":20}},"20":{"start":{"line":105,"column":2},"end":{"line":109,"column":4}},"21":{"start":{"line":116,"column":2},"end":{"line":119,"column":4}},"22":{"start":{"line":122,"column":0},"end":{"line":127,"column":2}}},"fnMap":{"0":{"name":"getFieldValidators","decl":{"start":{"line":17,"column":9},"end":{"line":17,"column":27}},"loc":{"start":{"line":17,"column":53},"end":{"line":99,"column":1}},"line":17},"1":{"name":"getRegisterValidators","decl":{"start":{"line":104,"column":9},"end":{"line":104,"column":30}},"loc":{"start":{"line":104,"column":33},"end":{"line":110,"column":1}},"line":104},"2":{"name":"getProfileUpdateValidators","decl":{"start":{"line":115,"column":9},"end":{"line":115,"column":35}},"loc":{"start":{"line":115,"column":38},"end":{"line":120,"column":1}},"line":115}},"branchMap":{"0":{"loc":{"start":{"line":17,"column":39},"end":{"line":17,"column":51}},"type":"default-arg","locations":[{"start":{"line":17,"column":49},"end":{"line":17,"column":51}}],"line":17},"1":{"loc":{"start":{"line":18,"column":10},"end":{"line":18,"column":25}},"type":"default-arg","locations":[{"start":{"line":18,"column":21},"end":{"line":18,"column":25}}],"line":18},"2":{"loc":{"start":{"line":18,"column":27},"end":{"line":18,"column":43}},"type":"default-arg","locations":[{"start":{"line":18,"column":38},"end":{"line":18,"column":43}}],"line":18},"3":{"loc":{"start":{"line":21,"column":2},"end":{"line":23,"column":3}},"type":"if","locations":[{"start":{"line":21,"column":2},"end":{"line":23,"column":3}},{"start":{},"end":{}}],"line":21},"4":{"loc":{"start":{"line":28,"column":2},"end":{"line":96,"column":3}},"type":"switch","locations":[{"start":{"line":29,"column":4},"end":{"line":51,"column":12}},{"start":{"line":53,"column":4},"end":{"line":76,"column":12}},{"start":{"line":78,"column":4},"end":{"line":92,"column":12}},{"start":{"line":94,"column":4},"end":{"line":95,"column":76}}],"line":28},"5":{"loc":{"start":{"line":30,"column":6},"end":{"line":50,"column":7}},"type":"if","locations":[{"start":{"line":30,"column":6},"end":{"line":50,"column":7}},{"start":{"line":41,"column":13},"end":{"line":50,"column":7}}],"line":30},"6":{"loc":{"start":{"line":54,"column":6},"end":{"line":74,"column":7}},"type":"if","locations":[{"start":{"line":54,"column":6},"end":{"line":74,"column":7}},{"start":{"line":65,"column":13},"end":{"line":74,"column":7}}],"line":54}},"s":{"0":2,"1":2,"2":10,"3":10,"4":10,"5":0,"6":10,"7":10,"8":4,"9":2,"10":2,"11":4,"12":4,"13":2,"14":2,"15":4,"16":2,"17":2,"18":0,"19":10,"20":2,"21":2,"22":2},"f":{"0":10,"1":2,"2":2},"b":{"0":[0],"1":[4],"2":[6],"3":[0,10],"4":[4,4,2,0],"5":[2,2],"6":[2,2]},"_coverageSchema":"1a1c01bbd47fc00a2c39e90264f33305004495a9","hash":"4df856e338b5484ec53c7ea403234bd89ec0608d"}
}
