TN:
SF:src/database/connection.js
FN:16,(anonymous_0)
FN:20,(anonymous_1)
FN:26,(anonymous_2)
FN:40,(anonymous_3)
FN:46,(anonymous_4)
FN:51,(anonymous_5)
FN:56,(anonymous_6)
FNF:7
FNH:6
FNDA:2,(anonymous_0)
FNDA:0,(anonymous_1)
FNDA:185,(anonymous_2)
FNDA:9,(anonymous_3)
FNDA:3,(anonymous_4)
FNDA:2,(anonymous_5)
FNDA:4,(anonymous_6)
DA:1,4
DA:4,4
DA:16,4
DA:17,2
DA:20,4
DA:21,0
DA:22,0
DA:26,4
DA:27,185
DA:28,185
DA:29,185
DA:30,183
DA:31,183
DA:32,183
DA:34,2
DA:35,2
DA:40,4
DA:41,9
DA:42,9
DA:43,9
DA:46,9
DA:47,3
DA:51,9
DA:52,2
DA:53,2
DA:56,9
DA:57,4
DA:58,4
DA:59,4
DA:60,4
DA:63,9
DA:66,4
LF:32
LH:30
BRDA:5,0,0,4
BRDA:5,0,1,0
BRDA:6,1,0,4
BRDA:6,1,1,0
BRDA:7,2,0,4
BRDA:7,2,1,0
BRDA:8,3,0,4
BRDA:8,3,1,0
BRDA:9,4,0,4
BRDA:9,4,1,0
BRF:10
BRH:5
end_of_record
TN:
SF:src/middleware/auth.js
FN:8,(anonymous_0)
FNF:1
FNH:1
FNDA:70,(anonymous_0)
DA:1,3
DA:2,3
DA:8,3
DA:9,70
DA:11,70
DA:13,70
DA:14,3
DA:17,67
DA:20,67
DA:23,64
DA:28,63
DA:29,3
DA:32,60
DA:35,60
DA:36,0
DA:40,60
DA:41,60
DA:43,4
DA:44,2
DA:46,2
DA:47,1
DA:49,1
DA:50,1
DA:55,3
LF:24
LH:23
BRDA:13,0,0,3
BRDA:13,0,1,67
BRDA:13,1,0,70
BRDA:13,1,1,68
BRDA:28,2,0,3
BRDA:28,2,1,60
BRDA:35,3,0,0
BRDA:35,3,1,60
BRDA:43,4,0,2
BRDA:43,4,1,2
BRDA:46,5,0,1
BRDA:46,5,1,1
BRF:12
BRH:11
end_of_record
TN:
SF:src/middleware/rbac.js
FN:18,(anonymous_0)
FN:41,(anonymous_1)
FN:94,(anonymous_2)
FN:140,(anonymous_3)
FN:165,(anonymous_4)
FN:189,(anonymous_5)
FNF:6
FNH:6
FNDA:53,(anonymous_0)
FNDA:27,(anonymous_1)
FNDA:21,(anonymous_2)
FNDA:10,(anonymous_3)
FNDA:20,(anonymous_4)
FNDA:14,(anonymous_5)
DA:11,4
DA:12,4
DA:18,4
DA:19,53
DA:20,2
DA:26,51
DA:27,6
DA:33,45
DA:41,4
DA:42,27
DA:44,27
DA:45,5
DA:52,22
DA:54,22
DA:57,19
DA:58,2
DA:66,17
DA:67,2
DA:74,15
DA:79,15
DA:81,3
DA:94,4
DA:95,21
DA:96,2
DA:103,19
DA:105,17
DA:106,1
DA:113,16
DA:114,2
DA:122,14
DA:123,4
DA:129,10
DA:140,4
DA:141,10
DA:142,10
DA:143,10
DA:145,10
DA:152,1
DA:165,4
DA:166,20
DA:167,20
DA:168,19
DA:170,19
DA:177,2
DA:189,4
DA:190,14
DA:192,14
DA:203,14
DA:209,4
LF:49
LH:49
BRDA:19,0,0,2
BRDA:19,0,1,51
BRDA:26,1,0,6
BRDA:26,1,1,45
BRDA:44,2,0,5
BRDA:44,2,1,22
BRDA:57,3,0,2
BRDA:57,3,1,17
BRDA:66,4,0,2
BRDA:66,4,1,15
BRDA:95,5,0,2
BRDA:95,5,1,19
BRDA:103,6,0,19
BRDA:103,6,1,15
BRDA:103,6,2,2
BRDA:105,7,0,1
BRDA:105,7,1,16
BRDA:113,8,0,2
BRDA:113,8,1,14
BRDA:122,9,0,4
BRDA:122,9,1,10
BRDA:140,10,0,0
BRDA:140,11,0,1
BRDA:142,12,0,9
BRDA:142,12,1,1
BRDA:142,13,0,9
BRDA:142,13,1,1
BRDA:143,14,0,9
BRDA:143,14,1,1
BRDA:165,15,0,0
BRDA:165,16,0,1
BRDA:165,17,0,1
BRDA:167,18,0,19
BRDA:167,18,1,1
BRDA:167,19,0,19
BRDA:167,19,1,1
BRDA:168,20,0,18
BRDA:168,20,1,1
BRF:38
BRH:36
end_of_record
TN:
SF:src/routes/admin.js
FN:24,(anonymous_0)
FN:82,(anonymous_1)
FN:171,(anonymous_2)
FN:249,(anonymous_3)
FN:278,(anonymous_4)
FN:286,(anonymous_5)
FN:307,(anonymous_6)
FN:328,(anonymous_7)
FN:401,(anonymous_8)
FN:475,(anonymous_9)
FN:539,(anonymous_10)
FN:613,(anonymous_11)
FNF:12
FNH:11
FNDA:15,(anonymous_0)
FNDA:0,(anonymous_1)
FNDA:14,(anonymous_2)
FNDA:24,(anonymous_3)
FNDA:22,(anonymous_4)
FNDA:24,(anonymous_5)
FNDA:24,(anonymous_6)
FNDA:6,(anonymous_7)
FNDA:8,(anonymous_8)
FNDA:6,(anonymous_9)
FNDA:9,(anonymous_10)
FNDA:5,(anonymous_11)
DA:7,3
DA:8,3
DA:9,3
DA:10,3
DA:16,3
DA:17,3
DA:24,3
DA:25,15
DA:26,15
DA:28,15
DA:29,2
DA:36,13
DA:41,11
DA:42,1
DA:48,10
DA:51,10
DA:53,10
DA:54,2
DA:61,8
DA:63,8
DA:69,2
DA:70,2
DA:82,3
DA:83,0
DA:84,0
DA:85,0
DA:88,0
DA:89,0
DA:96,0
DA:101,0
DA:102,0
DA:108,0
DA:111,0
DA:112,0
DA:119,0
DA:120,0
DA:131,0
DA:142,0
DA:158,0
DA:159,0
DA:171,3
DA:172,14
DA:181,14
DA:185,14
DA:186,14
DA:187,14
DA:189,14
DA:190,1
DA:191,1
DA:194,14
DA:195,1
DA:196,1
DA:199,14
DA:200,1
DA:201,1
DA:202,1
DA:205,14
DA:210,14
DA:211,14
DA:212,14
DA:215,14
DA:216,14
DA:217,14
DA:218,14
DA:221,14
DA:224,14
DA:225,14
DA:226,14
DA:227,14
DA:228,14
DA:229,12
DA:230,12
DA:233,12
DA:240,12
DA:241,12
DA:242,12
DA:243,12
DA:244,12
DA:245,12
DA:249,24
DA:250,12
DA:254,12
DA:255,11
DA:257,11
DA:264,11
DA:265,11
DA:266,11
DA:267,11
DA:268,10
DA:270,1
DA:272,1
DA:277,12
DA:278,12
DA:279,22
DA:286,24
DA:295,12
DA:305,12
DA:307,24
DA:311,12
DA:313,2
DA:314,2
DA:315,2
DA:328,3
DA:329,6
DA:330,6
DA:332,6
DA:341,4
DA:342,2
DA:348,2
DA:352,2
DA:353,2
DA:362,1
DA:363,1
DA:366,2
DA:375,2
DA:384,2
DA:386,2
DA:388,2
DA:389,2
DA:401,3
DA:402,8
DA:403,8
DA:404,8
DA:406,8
DA:407,2
DA:414,6
DA:415,2
DA:422,4
DA:427,4
DA:428,1
DA:434,3
DA:435,3
DA:438,3
DA:446,1
DA:449,1
DA:457,1
DA:462,2
DA:463,2
DA:475,3
DA:476,6
DA:477,6
DA:478,6
DA:480,6
DA:481,2
DA:488,4
DA:493,4
DA:494,1
DA:500,3
DA:503,3
DA:506,3
DA:514,1
DA:522,1
DA:526,2
DA:527,2
DA:539,3
DA:540,9
DA:541,9
DA:542,9
DA:544,9
DA:545,2
DA:552,7
DA:553,2
DA:560,5
DA:565,5
DA:566,1
DA:572,4
DA:573,4
DA:576,4
DA:584,2
DA:587,2
DA:595,2
DA:600,2
DA:601,2
DA:613,3
DA:614,5
DA:615,5
DA:616,5
DA:618,5
DA:632,3
DA:637,3
DA:646,2
DA:647,2
DA:654,3
LF:183
LH:166
BRDA:28,0,0,2
BRDA:28,0,1,13
BRDA:41,1,0,1
BRDA:41,1,1,10
BRDA:53,2,0,2
BRDA:53,2,1,8
BRDA:88,3,0,0
BRDA:88,3,1,0
BRDA:101,4,0,0
BRDA:101,4,1,0
BRDA:111,5,0,0
BRDA:111,5,1,0
BRDA:126,6,0,0
BRDA:126,6,1,0
BRDA:127,7,0,0
BRDA:127,7,1,0
BRDA:177,8,0,11
BRDA:178,9,0,11
BRDA:179,10,0,11
BRDA:180,11,0,11
BRDA:189,12,0,1
BRDA:189,12,1,13
BRDA:194,13,0,1
BRDA:194,13,1,13
BRDA:199,14,0,1
BRDA:199,14,1,13
BRDA:205,15,0,3
BRDA:205,15,1,11
BRDA:211,16,0,13
BRDA:211,16,1,1
BRDA:212,17,0,2
BRDA:212,17,1,12
BRDA:217,18,0,13
BRDA:217,18,1,1
BRDA:217,19,0,14
BRDA:217,19,1,13
BRDA:218,20,0,13
BRDA:218,20,1,1
BRDA:218,21,0,14
BRDA:218,21,1,13
BRDA:218,21,2,13
BRDA:254,22,0,11
BRDA:254,22,1,1
BRDA:280,23,0,22
BRDA:280,23,1,0
BRDA:288,24,0,24
BRDA:288,24,1,2
BRDA:341,25,0,2
BRDA:341,25,1,2
BRDA:367,26,0,2
BRDA:367,26,1,1
BRDA:406,27,0,2
BRDA:406,27,1,6
BRDA:406,28,0,8
BRDA:406,28,1,8
BRDA:414,29,0,2
BRDA:414,29,1,4
BRDA:427,30,0,1
BRDA:427,30,1,3
BRDA:480,31,0,2
BRDA:480,31,1,4
BRDA:480,32,0,6
BRDA:480,32,1,6
BRDA:493,33,0,1
BRDA:493,33,1,3
BRDA:544,34,0,2
BRDA:544,34,1,7
BRDA:552,35,0,2
BRDA:552,35,1,5
BRDA:565,36,0,1
BRDA:565,36,1,4
BRDA:588,37,0,1
BRDA:588,37,1,1
BRDA:596,38,0,1
BRDA:596,38,1,1
BRDA:616,39,0,3
BRDA:616,40,0,3
BRF:77
BRH:66
end_of_record
TN:
SF:src/routes/auth.js
FN:16,(anonymous_0)
FN:89,(anonymous_1)
FNF:2
FNH:2
FNDA:11,(anonymous_0)
FNDA:5,(anonymous_1)
DA:1,2
DA:2,2
DA:3,2
DA:4,2
DA:5,2
DA:6,2
DA:7,2
DA:9,2
DA:16,2
DA:17,11
DA:19,11
DA:20,11
DA:21,4
DA:24,7
DA:27,7
DA:32,7
DA:33,1
DA:37,6
DA:38,6
DA:41,6
DA:48,6
DA:51,6
DA:54,6
DA:60,6
DA:71,0
DA:72,0
DA:80,2
DA:90,5
DA:92,5
DA:93,5
DA:94,1
DA:97,4
DA:100,4
DA:105,4
DA:107,1
DA:108,1
DA:111,3
DA:114,3
DA:115,0
DA:116,0
DA:120,3
DA:122,3
DA:123,1
DA:124,1
DA:128,2
DA:134,2
DA:137,2
DA:143,2
DA:154,0
DA:155,0
DA:159,2
LF:51
LH:45
BRDA:20,0,0,4
BRDA:20,0,1,7
BRDA:32,1,0,1
BRDA:32,1,1,6
BRDA:57,2,0,6
BRDA:57,2,1,0
BRDA:93,3,0,1
BRDA:93,3,1,4
BRDA:105,4,0,1
BRDA:105,4,1,3
BRDA:114,5,0,0
BRDA:114,5,1,3
BRDA:122,6,0,1
BRDA:122,6,1,2
BRDA:140,7,0,2
BRDA:140,7,1,0
BRF:16
BRH:13
end_of_record
TN:
SF:src/routes/coverage.js
FN:27,loadHistory
FN:41,saveHistory
FN:55,parseTestOutput
FN:81,(anonymous_3)
FN:107,(anonymous_4)
FN:133,(anonymous_5)
FN:171,(anonymous_6)
FN:187,(anonymous_7)
FN:246,(anonymous_8)
FNF:9
FNH:0
FNDA:0,loadHistory
FNDA:0,saveHistory
FNDA:0,parseTestOutput
FNDA:0,(anonymous_3)
FNDA:0,(anonymous_4)
FNDA:0,(anonymous_5)
FNDA:0,(anonymous_6)
FNDA:0,(anonymous_7)
FNDA:0,(anonymous_8)
DA:1,2
DA:2,2
DA:3,2
DA:4,2
DA:5,2
DA:6,2
DA:7,2
DA:15,2
DA:16,2
DA:17,2
DA:20,2
DA:21,0
DA:28,0
DA:29,0
DA:30,0
DA:33,0
DA:35,0
DA:42,0
DA:43,0
DA:44,0
DA:45,0
DA:46,0
DA:48,0
DA:56,0
DA:62,0
DA:63,0
DA:64,0
DA:65,0
DA:66,0
DA:67,0
DA:70,0
DA:71,0
DA:72,0
DA:73,0
DA:74,0
DA:77,0
DA:81,2
DA:82,0
DA:84,0
DA:85,0
DA:86,0
DA:92,0
DA:93,0
DA:95,0
DA:101,0
DA:102,0
DA:107,2
DA:108,0
DA:110,0
DA:111,0
DA:112,0
DA:118,0
DA:119,0
DA:121,0
DA:127,0
DA:128,0
DA:133,2
DA:134,0
DA:135,0
DA:137,0
DA:142,0
DA:143,0
DA:144,0
DA:145,0
DA:146,0
DA:153,0
DA:154,0
DA:155,0
DA:156,0
DA:163,0
DA:165,0
DA:166,0
DA:171,2
DA:172,0
DA:173,0
DA:174,0
DA:176,0
DA:181,0
DA:182,0
DA:187,2
DA:188,0
DA:190,0
DA:191,0
DA:194,0
DA:199,0
DA:200,0
DA:202,0
DA:203,0
DA:206,0
DA:209,0
DA:215,0
DA:217,0
DA:224,0
DA:225,0
DA:227,0
DA:230,0
DA:236,0
DA:238,0
DA:246,2
DA:247,0
DA:249,0
DA:250,0
DA:253,0
DA:258,0
DA:259,0
DA:261,0
DA:262,0
DA:265,0
DA:268,0
DA:274,0
DA:276,0
DA:283,0
DA:284,0
DA:286,0
DA:289,0
DA:295,0
DA:297,0
DA:304,2
LF:118
LH:18
BRDA:20,0,0,0
BRDA:20,0,1,2
BRDA:29,1,0,0
BRDA:29,1,1,0
BRDA:63,2,0,0
BRDA:63,2,1,0
BRDA:64,3,0,0
BRDA:64,3,1,0
BRDA:65,4,0,0
BRDA:65,4,1,0
BRDA:66,5,0,0
BRDA:66,5,1,0
BRDA:67,6,0,0
BRDA:67,6,1,0
BRDA:71,7,0,0
BRDA:71,7,1,0
BRDA:72,8,0,0
BRDA:72,8,1,0
BRDA:73,9,0,0
BRDA:73,9,1,0
BRDA:74,10,0,0
BRDA:74,10,1,0
BRDA:85,11,0,0
BRDA:85,11,1,0
BRDA:111,12,0,0
BRDA:111,12,1,0
BRDA:143,13,0,0
BRDA:143,13,1,0
BRDA:153,14,0,0
BRDA:153,14,1,0
BRDA:203,15,0,0
BRDA:203,15,1,0
BRDA:206,16,0,0
BRDA:206,16,1,0
BRDA:262,17,0,0
BRDA:262,17,1,0
BRDA:265,18,0,0
BRDA:265,18,1,0
BRF:38
BRH:1
end_of_record
TN:
SF:src/routes/users.js
FN:17,(anonymous_0)
FN:35,(anonymous_1)
FN:56,(anonymous_2)
FN:107,(anonymous_3)
FN:178,(anonymous_4)
FNF:5
FNH:5
FNDA:1,(anonymous_0)
FNDA:1,(anonymous_1)
FNDA:3,(anonymous_2)
FNDA:4,(anonymous_3)
FNDA:1,(anonymous_4)
DA:1,2
DA:2,2
DA:3,2
DA:4,2
DA:5,2
DA:6,2
DA:8,2
DA:11,2
DA:17,2
DA:18,1
DA:19,1
DA:23,1
DA:25,0
DA:26,0
DA:35,2
DA:37,1
DA:56,2
DA:57,3
DA:58,3
DA:61,3
DA:66,3
DA:67,1
DA:71,2
DA:72,0
DA:79,2
DA:80,0
DA:84,2
DA:85,1
DA:91,1
DA:93,0
DA:94,0
DA:107,2
DA:108,4
DA:110,4
DA:111,4
DA:112,0
DA:115,4
DA:116,4
DA:117,4
DA:118,4
DA:119,4
DA:122,4
DA:123,1
DA:124,1
DA:127,4
DA:129,3
DA:134,3
DA:135,1
DA:138,2
DA:139,2
DA:142,3
DA:143,0
DA:147,3
DA:148,3
DA:150,3
DA:158,3
DA:159,0
DA:162,3
DA:167,0
DA:168,0
DA:178,2
DA:179,1
DA:180,1
DA:182,1
DA:187,1
DA:188,0
DA:191,1
DA:193,0
DA:194,0
DA:198,2
LF:70
LH:56
BRDA:66,0,0,1
BRDA:66,0,1,2
BRDA:71,1,0,0
BRDA:71,1,1,2
BRDA:79,2,0,0
BRDA:79,2,1,2
BRDA:84,3,0,1
BRDA:84,3,1,1
BRDA:111,4,0,0
BRDA:111,4,1,4
BRDA:122,5,0,1
BRDA:122,5,1,3
BRDA:127,6,0,3
BRDA:127,6,1,1
BRDA:134,7,0,1
BRDA:134,7,1,2
BRDA:142,8,0,0
BRDA:142,8,1,3
BRDA:158,9,0,0
BRDA:158,9,1,3
BRDA:187,10,0,0
BRDA:187,10,1,1
BRF:22
BRH:16
end_of_record
TN:
SF:src/validation/validationHelpers.js
FN:17,getFieldValidators
FN:104,getRegisterValidators
FN:115,getProfileUpdateValidators
FNF:3
FNH:3
FNDA:10,getFieldValidators
FNDA:2,getRegisterValidators
FNDA:2,getProfileUpdateValidators
DA:8,2
DA:9,2
DA:18,10
DA:19,10
DA:21,10
DA:22,0
DA:25,10
DA:28,10
DA:30,4
DA:32,2
DA:42,2
DA:51,4
DA:54,4
DA:56,2
DA:66,2
DA:76,4
DA:79,2
DA:92,2
DA:95,0
DA:98,10
DA:105,2
DA:116,2
DA:122,2
LF:23
LH:21
BRDA:17,0,0,0
BRDA:18,1,0,4
BRDA:18,2,0,6
BRDA:21,3,0,0
BRDA:21,3,1,10
BRDA:28,4,0,4
BRDA:28,4,1,4
BRDA:28,4,2,2
BRDA:28,4,3,0
BRDA:30,5,0,2
BRDA:30,5,1,2
BRDA:54,6,0,2
BRDA:54,6,1,2
BRF:13
BRH:10
end_of_record
